2020/04/26 23:16:30 - WARNING -  * Debugger is active!
2020/04/26 23:16:30 - INFO -  * Debugger PIN: 301-788-426
2020/04/26 23:16:36 - INFO - 127.0.0.1 - - [26/Apr/2020 23:16:36] "[32mGET / HTTP/1.1[0m" 302 -
2020/04/26 23:16:36 - DEBUG - Starting new HTTPS connection (1): accounts.spotify.com
2020/04/26 23:16:36 - DEBUG - https://accounts.spotify.com:443 "POST /api/token HTTP/1.1" 200 None
2020/04/26 23:16:36 - DEBUG - Starting new HTTPS connection (1): api.spotify.com
2020/04/26 23:16:36 - DEBUG - https://api.spotify.com:443 "GET /v1/me/playlists?limit=50&offset=0 HTTP/1.1" 200 None
2020/04/26 23:16:36 - DEBUG - https://api.spotify.com:443 "GET /v1/me/ HTTP/1.1" 200 None
2020/04/26 23:16:36 - DEBUG - https://api.spotify.com:443 "GET /v1/me/ HTTP/1.1" 200 None
2020/04/26 23:16:36 - DEBUG - https://api.spotify.com:443 "GET /v1/me/ HTTP/1.1" 200 None
2020/04/26 23:16:36 - DEBUG - https://api.spotify.com:443 "GET /v1/me/ HTTP/1.1" 200 None
2020/04/26 23:16:36 - DEBUG - https://api.spotify.com:443 "GET /v1/me/ HTTP/1.1" 200 None
2020/04/26 23:16:36 - DEBUG - https://api.spotify.com:443 "GET /v1/me/ HTTP/1.1" 200 None
2020/04/26 23:16:37 - DEBUG - https://api.spotify.com:443 "GET /v1/me/ HTTP/1.1" 200 None
2020/04/26 23:16:37 - DEBUG - https://api.spotify.com:443 "GET /v1/me/ HTTP/1.1" 200 None
2020/04/26 23:16:37 - DEBUG - https://api.spotify.com:443 "GET /v1/me/ HTTP/1.1" 200 None
2020/04/26 23:16:37 - DEBUG - https://api.spotify.com:443 "GET /v1/me/ HTTP/1.1" 200 None
2020/04/26 23:16:37 - DEBUG - https://api.spotify.com:443 "GET /v1/me/ HTTP/1.1" 200 None
2020/04/26 23:16:37 - DEBUG - https://api.spotify.com:443 "GET /v1/me/ HTTP/1.1" 200 None
2020/04/26 23:16:37 - DEBUG - https://api.spotify.com:443 "GET /v1/me/ HTTP/1.1" 200 None
2020/04/26 23:16:37 - DEBUG - https://api.spotify.com:443 "GET /v1/me/ HTTP/1.1" 200 None
2020/04/26 23:16:37 - DEBUG - https://api.spotify.com:443 "GET /v1/me/ HTTP/1.1" 200 None
2020/04/26 23:16:37 - DEBUG - https://api.spotify.com:443 "GET /v1/me/ HTTP/1.1" 200 None
2020/04/26 23:16:37 - DEBUG - https://api.spotify.com:443 "GET /v1/me/ HTTP/1.1" 200 None
2020/04/26 23:16:37 - DEBUG - https://api.spotify.com:443 "GET /v1/me/ HTTP/1.1" 200 None
2020/04/26 23:16:37 - DEBUG - https://api.spotify.com:443 "GET /v1/me/ HTTP/1.1" 200 None
2020/04/26 23:16:37 - DEBUG - https://api.spotify.com:443 "GET /v1/me/ HTTP/1.1" 200 None
2020/04/26 23:16:37 - DEBUG - https://api.spotify.com:443 "GET /v1/me/ HTTP/1.1" 200 None
2020/04/26 23:16:37 - DEBUG - https://api.spotify.com:443 "GET /v1/me/ HTTP/1.1" 200 None
2020/04/26 23:16:37 - DEBUG - https://api.spotify.com:443 "GET /v1/me/ HTTP/1.1" 200 None
2020/04/26 23:16:37 - DEBUG - https://api.spotify.com:443 "GET /v1/me/ HTTP/1.1" 200 None
2020/04/26 23:16:37 - DEBUG - https://api.spotify.com:443 "GET /v1/me/ HTTP/1.1" 200 None
2020/04/26 23:16:37 - DEBUG - https://api.spotify.com:443 "GET /v1/me/ HTTP/1.1" 200 None
2020/04/26 23:16:37 - DEBUG - https://api.spotify.com:443 "GET /v1/me/ HTTP/1.1" 200 None
2020/04/26 23:16:37 - DEBUG - https://api.spotify.com:443 "GET /v1/me/ HTTP/1.1" 200 None
2020/04/26 23:16:37 - DEBUG - https://api.spotify.com:443 "GET /v1/me/ HTTP/1.1" 200 None
2020/04/26 23:16:37 - INFO - 127.0.0.1 - - [26/Apr/2020 23:16:37] "[37mGET /callback?code=AQAHGRFy9SPaZUB0Ny0luTP8gczQMIQBtF7YjT8tSaCPjaabFrzlBukyNzB2uVPfDZgUpzADdQRsHi20VWRf8musKopL7ulnYG2rwk6WwmEAAEnmztz8V6jo935zasTZy9tLcIdMM3EU9f_rLAY91XxFQjqfPI2mGibj9fxybinOnv6IzgV7dMGEXbCFnw_QLV-8BY6kA82cXlU3R-XUXsd6KM65d9_Fti0S9CN3qFdIpa4bDwK3kUX4w5tlMhMJe8vwnrjt6vIxCQmqRXapOAdehe-ikuj0lr4pbuXTjTQja76lstfMr2eHYetafcy5ijbDMLU_eahx HTTP/1.1[0m" 200 -
2020/04/26 23:16:37 - INFO - 127.0.0.1 - - [26/Apr/2020 23:16:37] "[33mGET /resources/demos/style.css HTTP/1.1[0m" 404 -
2020/04/26 23:16:38 - DEBUG - Starting new HTTPS connection (1): api.spotify.com
2020/04/26 23:16:38 - DEBUG - https://api.spotify.com:443 "GET /v1/me/playlists?limit=50&offset=0 HTTP/1.1" 200 None
2020/04/26 23:16:38 - DEBUG - https://api.spotify.com:443 "GET /v1/me/ HTTP/1.1" 200 None
2020/04/26 23:16:38 - DEBUG - https://api.spotify.com:443 "GET /v1/me/ HTTP/1.1" 200 None
2020/04/26 23:16:38 - DEBUG - https://api.spotify.com:443 "GET /v1/me/ HTTP/1.1" 200 None
2020/04/26 23:16:38 - DEBUG - https://api.spotify.com:443 "GET /v1/me/ HTTP/1.1" 200 None
2020/04/26 23:16:38 - DEBUG - https://api.spotify.com:443 "GET /v1/me/ HTTP/1.1" 200 None
2020/04/26 23:16:38 - DEBUG - https://api.spotify.com:443 "GET /v1/me/ HTTP/1.1" 200 None
2020/04/26 23:16:38 - DEBUG - https://api.spotify.com:443 "GET /v1/me/ HTTP/1.1" 200 None
2020/04/26 23:16:38 - DEBUG - https://api.spotify.com:443 "GET /v1/me/ HTTP/1.1" 200 None
2020/04/26 23:16:38 - DEBUG - https://api.spotify.com:443 "GET /v1/me/ HTTP/1.1" 200 None
2020/04/26 23:16:38 - DEBUG - https://api.spotify.com:443 "GET /v1/me/ HTTP/1.1" 200 None
2020/04/26 23:16:38 - DEBUG - https://api.spotify.com:443 "GET /v1/me/ HTTP/1.1" 200 None
2020/04/26 23:16:38 - DEBUG - https://api.spotify.com:443 "GET /v1/me/ HTTP/1.1" 200 None
2020/04/26 23:16:38 - DEBUG - https://api.spotify.com:443 "GET /v1/me/ HTTP/1.1" 200 None
2020/04/26 23:16:38 - DEBUG - https://api.spotify.com:443 "GET /v1/me/ HTTP/1.1" 200 None
2020/04/26 23:16:38 - DEBUG - https://api.spotify.com:443 "GET /v1/me/ HTTP/1.1" 200 None
2020/04/26 23:16:38 - DEBUG - https://api.spotify.com:443 "GET /v1/me/ HTTP/1.1" 200 None
2020/04/26 23:16:38 - DEBUG - https://api.spotify.com:443 "GET /v1/me/ HTTP/1.1" 200 None
2020/04/26 23:16:39 - DEBUG - https://api.spotify.com:443 "GET /v1/me/ HTTP/1.1" 200 None
2020/04/26 23:16:39 - DEBUG - https://api.spotify.com:443 "GET /v1/me/ HTTP/1.1" 200 None
2020/04/26 23:16:39 - DEBUG - https://api.spotify.com:443 "GET /v1/me/ HTTP/1.1" 200 None
2020/04/26 23:16:39 - DEBUG - https://api.spotify.com:443 "GET /v1/me/ HTTP/1.1" 200 None
2020/04/26 23:16:39 - DEBUG - https://api.spotify.com:443 "GET /v1/me/ HTTP/1.1" 200 None
2020/04/26 23:16:39 - DEBUG - https://api.spotify.com:443 "GET /v1/me/ HTTP/1.1" 200 None
2020/04/26 23:16:39 - DEBUG - https://api.spotify.com:443 "GET /v1/me/ HTTP/1.1" 200 None
2020/04/26 23:16:39 - DEBUG - https://api.spotify.com:443 "GET /v1/me/ HTTP/1.1" 200 None
2020/04/26 23:16:39 - DEBUG - https://api.spotify.com:443 "GET /v1/me/ HTTP/1.1" 200 None
2020/04/26 23:16:39 - DEBUG - https://api.spotify.com:443 "GET /v1/me/ HTTP/1.1" 200 None
2020/04/26 23:16:39 - DEBUG - https://api.spotify.com:443 "GET /v1/me/ HTTP/1.1" 200 None
2020/04/26 23:16:39 - DEBUG - https://api.spotify.com:443 "GET /v1/me/ HTTP/1.1" 200 None
2020/04/26 23:16:39 - INFO - 127.0.0.1 - - [26/Apr/2020 23:16:39] "[1m[35mGET /favicon.ico HTTP/1.1[0m" 500 -
2020/04/26 23:16:39 - DEBUG - Starting new HTTPS connection (1): api.spotify.com
2020/04/26 23:16:39 - DEBUG - https://api.spotify.com:443 "GET /v1/me/playlists?limit=50&offset=0 HTTP/1.1" 200 None
2020/04/26 23:16:39 - DEBUG - https://api.spotify.com:443 "GET /v1/me/ HTTP/1.1" 200 None
2020/04/26 23:16:39 - DEBUG - https://api.spotify.com:443 "GET /v1/me/ HTTP/1.1" 200 None
2020/04/26 23:16:39 - DEBUG - https://api.spotify.com:443 "GET /v1/me/ HTTP/1.1" 200 None
2020/04/26 23:16:39 - DEBUG - https://api.spotify.com:443 "GET /v1/me/ HTTP/1.1" 200 None
2020/04/26 23:16:39 - DEBUG - https://api.spotify.com:443 "GET /v1/me/ HTTP/1.1" 200 None
2020/04/26 23:16:39 - DEBUG - https://api.spotify.com:443 "GET /v1/me/ HTTP/1.1" 200 None
2020/04/26 23:16:40 - DEBUG - https://api.spotify.com:443 "GET /v1/me/ HTTP/1.1" 200 None
2020/04/26 23:16:40 - DEBUG - https://api.spotify.com:443 "GET /v1/me/ HTTP/1.1" 200 None
2020/04/26 23:16:40 - DEBUG - https://api.spotify.com:443 "GET /v1/me/ HTTP/1.1" 200 None
2020/04/26 23:16:40 - DEBUG - https://api.spotify.com:443 "GET /v1/me/ HTTP/1.1" 200 None
2020/04/26 23:16:40 - DEBUG - https://api.spotify.com:443 "GET /v1/me/ HTTP/1.1" 200 None
2020/04/26 23:16:40 - DEBUG - https://api.spotify.com:443 "GET /v1/me/ HTTP/1.1" 200 None
2020/04/26 23:16:40 - DEBUG - https://api.spotify.com:443 "GET /v1/me/ HTTP/1.1" 200 None
2020/04/26 23:16:40 - DEBUG - https://api.spotify.com:443 "GET /v1/me/ HTTP/1.1" 200 None
2020/04/26 23:16:40 - DEBUG - https://api.spotify.com:443 "GET /v1/me/ HTTP/1.1" 200 None
2020/04/26 23:16:40 - DEBUG - https://api.spotify.com:443 "GET /v1/me/ HTTP/1.1" 200 None
2020/04/26 23:16:40 - DEBUG - https://api.spotify.com:443 "GET /v1/me/ HTTP/1.1" 200 None
2020/04/26 23:16:40 - DEBUG - https://api.spotify.com:443 "GET /v1/me/ HTTP/1.1" 200 None
2020/04/26 23:16:40 - DEBUG - https://api.spotify.com:443 "GET /v1/me/ HTTP/1.1" 200 None
2020/04/26 23:16:40 - DEBUG - https://api.spotify.com:443 "GET /v1/me/ HTTP/1.1" 200 None
2020/04/26 23:16:40 - DEBUG - https://api.spotify.com:443 "GET /v1/me/ HTTP/1.1" 200 None
2020/04/26 23:16:40 - DEBUG - https://api.spotify.com:443 "GET /v1/me/ HTTP/1.1" 200 None
2020/04/26 23:16:40 - DEBUG - https://api.spotify.com:443 "GET /v1/me/ HTTP/1.1" 200 None
2020/04/26 23:16:40 - DEBUG - https://api.spotify.com:443 "GET /v1/me/ HTTP/1.1" 200 None
2020/04/26 23:16:40 - DEBUG - https://api.spotify.com:443 "GET /v1/me/ HTTP/1.1" 200 None
2020/04/26 23:16:40 - DEBUG - https://api.spotify.com:443 "GET /v1/me/ HTTP/1.1" 200 None
2020/04/26 23:16:40 - DEBUG - https://api.spotify.com:443 "GET /v1/me/ HTTP/1.1" 200 None
2020/04/26 23:16:40 - DEBUG - https://api.spotify.com:443 "GET /v1/me/ HTTP/1.1" 200 None
2020/04/26 23:16:40 - DEBUG - https://api.spotify.com:443 "GET /v1/me/ HTTP/1.1" 200 None
2020/04/26 23:16:40 - INFO - 127.0.0.1 - - [26/Apr/2020 23:16:40] "[37mGET /recommend HTTP/1.1[0m" 200 -
2020/04/26 23:16:40 - INFO - 127.0.0.1 - - [26/Apr/2020 23:16:40] "[33mGET /resources/demos/style.css HTTP/1.1[0m" 404 -
2020/04/26 23:16:40 - DEBUG - Starting new HTTPS connection (1): api.spotify.com
2020/04/26 23:16:41 - DEBUG - https://api.spotify.com:443 "GET /v1/me/playlists?limit=50&offset=0 HTTP/1.1" 200 None
2020/04/26 23:16:41 - DEBUG - https://api.spotify.com:443 "GET /v1/me/ HTTP/1.1" 200 None
2020/04/26 23:16:41 - DEBUG - https://api.spotify.com:443 "GET /v1/me/ HTTP/1.1" 200 None
2020/04/26 23:16:41 - DEBUG - https://api.spotify.com:443 "GET /v1/me/ HTTP/1.1" 200 None
2020/04/26 23:16:41 - DEBUG - https://api.spotify.com:443 "GET /v1/me/ HTTP/1.1" 200 None
2020/04/26 23:16:41 - DEBUG - https://api.spotify.com:443 "GET /v1/me/ HTTP/1.1" 200 None
2020/04/26 23:16:41 - DEBUG - https://api.spotify.com:443 "GET /v1/me/ HTTP/1.1" 200 None
2020/04/26 23:16:41 - DEBUG - https://api.spotify.com:443 "GET /v1/me/ HTTP/1.1" 200 None
2020/04/26 23:16:41 - DEBUG - https://api.spotify.com:443 "GET /v1/me/ HTTP/1.1" 200 None
2020/04/26 23:16:41 - DEBUG - https://api.spotify.com:443 "GET /v1/me/ HTTP/1.1" 200 None
2020/04/26 23:16:41 - DEBUG - https://api.spotify.com:443 "GET /v1/me/ HTTP/1.1" 200 None
2020/04/26 23:16:41 - DEBUG - https://api.spotify.com:443 "GET /v1/me/ HTTP/1.1" 200 None
2020/04/26 23:16:41 - DEBUG - https://api.spotify.com:443 "GET /v1/me/ HTTP/1.1" 200 None
2020/04/26 23:16:41 - DEBUG - https://api.spotify.com:443 "GET /v1/me/ HTTP/1.1" 200 None
2020/04/26 23:16:41 - DEBUG - https://api.spotify.com:443 "GET /v1/me/ HTTP/1.1" 429 None
2020/04/26 23:16:42 - DEBUG - Starting new HTTPS connection (1): api.spotify.com
2020/04/26 23:16:42 - DEBUG - https://api.spotify.com:443 "GET /v1/me/playlists?limit=50&offset=0 HTTP/1.1" 429 None
2020/04/26 23:16:46 - DEBUG - https://api.spotify.com:443 "GET /v1/me/ HTTP/1.1" 200 None
2020/04/26 23:16:46 - DEBUG - https://api.spotify.com:443 "GET /v1/me/ HTTP/1.1" 200 None
2020/04/26 23:16:46 - DEBUG - https://api.spotify.com:443 "GET /v1/me/ HTTP/1.1" 200 None
2020/04/26 23:16:46 - DEBUG - https://api.spotify.com:443 "GET /v1/me/ HTTP/1.1" 200 None
2020/04/26 23:16:46 - DEBUG - https://api.spotify.com:443 "GET /v1/me/ HTTP/1.1" 200 None
2020/04/26 23:16:46 - DEBUG - https://api.spotify.com:443 "GET /v1/me/ HTTP/1.1" 200 None
2020/04/26 23:16:46 - DEBUG - https://api.spotify.com:443 "GET /v1/me/ HTTP/1.1" 200 None
2020/04/26 23:16:46 - DEBUG - https://api.spotify.com:443 "GET /v1/me/playlists?limit=50&offset=0 HTTP/1.1" 200 None
2020/04/26 23:16:46 - DEBUG - https://api.spotify.com:443 "GET /v1/me/ HTTP/1.1" 200 None
2020/04/26 23:16:46 - DEBUG - https://api.spotify.com:443 "GET /v1/me/ HTTP/1.1" 200 None
2020/04/26 23:16:47 - DEBUG - https://api.spotify.com:443 "GET /v1/me/ HTTP/1.1" 200 None
2020/04/26 23:16:47 - DEBUG - https://api.spotify.com:443 "GET /v1/me/ HTTP/1.1" 200 None
2020/04/26 23:16:47 - DEBUG - https://api.spotify.com:443 "GET /v1/me/ HTTP/1.1" 200 None
2020/04/26 23:16:47 - DEBUG - https://api.spotify.com:443 "GET /v1/me/ HTTP/1.1" 200 None
2020/04/26 23:16:47 - DEBUG - https://api.spotify.com:443 "GET /v1/me/ HTTP/1.1" 200 None
2020/04/26 23:16:47 - DEBUG - https://api.spotify.com:443 "GET /v1/me/ HTTP/1.1" 200 None
2020/04/26 23:16:47 - DEBUG - https://api.spotify.com:443 "GET /v1/me/ HTTP/1.1" 200 None
2020/04/26 23:16:47 - DEBUG - https://api.spotify.com:443 "GET /v1/me/ HTTP/1.1" 200 None
2020/04/26 23:16:47 - DEBUG - https://api.spotify.com:443 "GET /v1/me/ HTTP/1.1" 200 None
2020/04/26 23:16:47 - DEBUG - https://api.spotify.com:443 "GET /v1/me/ HTTP/1.1" 200 None
2020/04/26 23:16:47 - DEBUG - https://api.spotify.com:443 "GET /v1/me/ HTTP/1.1" 200 None
2020/04/26 23:16:47 - DEBUG - https://api.spotify.com:443 "GET /v1/me/ HTTP/1.1" 200 None
2020/04/26 23:16:47 - DEBUG - https://api.spotify.com:443 "GET /v1/me/ HTTP/1.1" 200 None
2020/04/26 23:16:47 - DEBUG - https://api.spotify.com:443 "GET /v1/me/ HTTP/1.1" 200 None
2020/04/26 23:16:47 - DEBUG - https://api.spotify.com:443 "GET /v1/me/ HTTP/1.1" 200 None
2020/04/26 23:16:47 - INFO - 127.0.0.1 - - [26/Apr/2020 23:16:47] "[1m[35mGET /favicon.ico HTTP/1.1[0m" 500 -
2020/04/26 23:16:47 - DEBUG - https://api.spotify.com:443 "GET /v1/me/ HTTP/1.1" 200 None
2020/04/26 23:16:47 - DEBUG - https://api.spotify.com:443 "GET /v1/me/ HTTP/1.1" 200 None
2020/04/26 23:16:47 - DEBUG - https://api.spotify.com:443 "GET /v1/me/ HTTP/1.1" 200 None
2020/04/26 23:16:47 - DEBUG - https://api.spotify.com:443 "GET /v1/me/ HTTP/1.1" 200 None
2020/04/26 23:16:47 - DEBUG - https://api.spotify.com:443 "GET /v1/me/ HTTP/1.1" 200 None
2020/04/26 23:16:47 - DEBUG - https://api.spotify.com:443 "GET /v1/me/ HTTP/1.1" 200 None
2020/04/26 23:16:47 - DEBUG - https://api.spotify.com:443 "GET /v1/me/ HTTP/1.1" 200 None
2020/04/26 23:16:47 - DEBUG - https://api.spotify.com:443 "GET /v1/me/ HTTP/1.1" 200 None
2020/04/26 23:16:47 - DEBUG - https://api.spotify.com:443 "GET /v1/me/ HTTP/1.1" 200 None
2020/04/26 23:16:47 - DEBUG - https://api.spotify.com:443 "GET /v1/me/ HTTP/1.1" 200 None
2020/04/26 23:16:47 - DEBUG - https://api.spotify.com:443 "GET /v1/me/ HTTP/1.1" 200 None
2020/04/26 23:16:47 - DEBUG - https://api.spotify.com:443 "GET /v1/me/ HTTP/1.1" 200 None
2020/04/26 23:16:47 - DEBUG - https://api.spotify.com:443 "GET /v1/me/ HTTP/1.1" 200 None
2020/04/26 23:16:47 - DEBUG - https://api.spotify.com:443 "GET /v1/me/ HTTP/1.1" 200 None
2020/04/26 23:16:47 - DEBUG - https://api.spotify.com:443 "GET /v1/me/ HTTP/1.1" 200 None
2020/04/26 23:16:47 - DEBUG - https://api.spotify.com:443 "GET /v1/me/ HTTP/1.1" 200 None
2020/04/26 23:16:47 - DEBUG - https://api.spotify.com:443 "GET /v1/me/ HTTP/1.1" 200 None
2020/04/26 23:16:47 - DEBUG - https://api.spotify.com:443 "GET /v1/me/ HTTP/1.1" 200 None
2020/04/26 23:16:47 - DEBUG - https://api.spotify.com:443 "GET /v1/me/ HTTP/1.1" 200 None
2020/04/26 23:16:48 - DEBUG - https://api.spotify.com:443 "GET /v1/me/ HTTP/1.1" 200 None
2020/04/26 23:16:48 - DEBUG - https://api.spotify.com:443 "GET /v1/me/ HTTP/1.1" 200 None
2020/04/26 23:16:48 - DEBUG - Starting new HTTPS connection (1): api.spotify.com
2020/04/26 23:16:48 - DEBUG - https://api.spotify.com:443 "GET /v1/me/ HTTP/1.1" 200 None
2020/04/26 23:16:48 - DEBUG - https://api.spotify.com:443 "GET /v1/playlists/4RGsxQmOs02S9iK5EY89ge/tracks?limit=100&offset=0 HTTP/1.1" 200 None
2020/04/26 23:16:48 - DEBUG - Starting new HTTPS connection (1): api.spotify.com
2020/04/26 23:16:48 - DEBUG - https://api.spotify.com:443 "GET /v1/me/playlists?limit=50&offset=0 HTTP/1.1" 200 None
2020/04/26 23:16:48 - INFO - 127.0.0.1 - - [26/Apr/2020 23:16:48] "[37mGET /1 HTTP/1.1[0m" 200 -
2020/04/26 23:16:48 - INFO - 127.0.0.1 - - [26/Apr/2020 23:16:48] "[33mGET /resources/demos/style.css HTTP/1.1[0m" 404 -
2020/04/26 23:16:48 - DEBUG - Starting new HTTPS connection (1): api.spotify.com
2020/04/26 23:16:48 - DEBUG - https://api.spotify.com:443 "GET /v1/me/playlists?limit=50&offset=0 HTTP/1.1" 200 None
2020/04/26 23:16:48 - DEBUG - https://api.spotify.com:443 "GET /v1/me/ HTTP/1.1" 200 None
2020/04/26 23:16:48 - DEBUG - https://api.spotify.com:443 "GET /v1/me/ HTTP/1.1" 200 None
2020/04/26 23:16:48 - DEBUG - https://api.spotify.com:443 "GET /v1/me/ HTTP/1.1" 200 None
2020/04/26 23:16:48 - DEBUG - https://api.spotify.com:443 "GET /v1/me/ HTTP/1.1" 200 None
2020/04/26 23:16:48 - DEBUG - https://api.spotify.com:443 "GET /v1/me/ HTTP/1.1" 200 None
2020/04/26 23:16:48 - DEBUG - https://api.spotify.com:443 "GET /v1/me/ HTTP/1.1" 200 None
2020/04/26 23:16:48 - DEBUG - https://api.spotify.com:443 "GET /v1/me/ HTTP/1.1" 200 None
2020/04/26 23:16:48 - DEBUG - https://api.spotify.com:443 "GET /v1/me/ HTTP/1.1" 200 None
2020/04/26 23:16:49 - DEBUG - https://api.spotify.com:443 "GET /v1/me/ HTTP/1.1" 200 None
2020/04/26 23:16:49 - DEBUG - https://api.spotify.com:443 "GET /v1/me/ HTTP/1.1" 200 None
2020/04/26 23:16:49 - DEBUG - https://api.spotify.com:443 "GET /v1/me/ HTTP/1.1" 200 None
2020/04/26 23:16:49 - DEBUG - https://api.spotify.com:443 "GET /v1/me/ HTTP/1.1" 200 None
2020/04/26 23:16:49 - DEBUG - https://api.spotify.com:443 "GET /v1/me/ HTTP/1.1" 200 None
2020/04/26 23:16:49 - DEBUG - https://api.spotify.com:443 "GET /v1/me/ HTTP/1.1" 200 None
2020/04/26 23:16:49 - DEBUG - https://api.spotify.com:443 "GET /v1/me/ HTTP/1.1" 200 None
2020/04/26 23:16:49 - DEBUG - https://api.spotify.com:443 "GET /v1/me/ HTTP/1.1" 200 None
2020/04/26 23:16:49 - DEBUG - https://api.spotify.com:443 "GET /v1/me/ HTTP/1.1" 200 None
2020/04/26 23:16:49 - DEBUG - https://api.spotify.com:443 "GET /v1/me/ HTTP/1.1" 200 None
2020/04/26 23:16:49 - DEBUG - https://api.spotify.com:443 "GET /v1/me/ HTTP/1.1" 200 None
2020/04/26 23:16:49 - DEBUG - https://api.spotify.com:443 "GET /v1/me/ HTTP/1.1" 200 None
2020/04/26 23:16:49 - DEBUG - https://api.spotify.com:443 "GET /v1/me/ HTTP/1.1" 200 None
2020/04/26 23:16:49 - DEBUG - https://api.spotify.com:443 "GET /v1/me/ HTTP/1.1" 200 None
2020/04/26 23:16:49 - DEBUG - https://api.spotify.com:443 "GET /v1/me/ HTTP/1.1" 200 None
2020/04/26 23:16:49 - DEBUG - https://api.spotify.com:443 "GET /v1/me/ HTTP/1.1" 200 None
2020/04/26 23:16:49 - DEBUG - https://api.spotify.com:443 "GET /v1/me/ HTTP/1.1" 200 None
2020/04/26 23:16:49 - DEBUG - https://api.spotify.com:443 "GET /v1/me/ HTTP/1.1" 200 None
2020/04/26 23:16:49 - DEBUG - https://api.spotify.com:443 "GET /v1/me/ HTTP/1.1" 200 None
2020/04/26 23:16:49 - DEBUG - https://api.spotify.com:443 "GET /v1/me/ HTTP/1.1" 200 None
2020/04/26 23:16:49 - DEBUG - https://api.spotify.com:443 "GET /v1/me/ HTTP/1.1" 200 None
2020/04/26 23:16:49 - INFO - 127.0.0.1 - - [26/Apr/2020 23:16:49] "[1m[35mGET /favicon.ico HTTP/1.1[0m" 500 -
2020/04/26 23:17:02 - DEBUG - Starting new HTTPS connection (1): api.spotify.com
2020/04/26 23:17:03 - DEBUG - https://api.spotify.com:443 "GET /v1/me/playlists?limit=50&offset=0 HTTP/1.1" 200 None
2020/04/26 23:17:03 - DEBUG - https://api.spotify.com:443 "GET /v1/me/ HTTP/1.1" 200 None
2020/04/26 23:17:03 - DEBUG - https://api.spotify.com:443 "GET /v1/me/ HTTP/1.1" 200 None
2020/04/26 23:17:03 - DEBUG - https://api.spotify.com:443 "GET /v1/me/ HTTP/1.1" 200 None
2020/04/26 23:17:03 - DEBUG - https://api.spotify.com:443 "GET /v1/me/ HTTP/1.1" 200 None
2020/04/26 23:17:03 - DEBUG - https://api.spotify.com:443 "GET /v1/me/ HTTP/1.1" 200 None
2020/04/26 23:17:03 - DEBUG - https://api.spotify.com:443 "GET /v1/me/ HTTP/1.1" 200 None
2020/04/26 23:17:03 - DEBUG - https://api.spotify.com:443 "GET /v1/me/ HTTP/1.1" 200 None
2020/04/26 23:17:03 - DEBUG - https://api.spotify.com:443 "GET /v1/me/ HTTP/1.1" 200 None
2020/04/26 23:17:03 - DEBUG - https://api.spotify.com:443 "GET /v1/me/ HTTP/1.1" 200 None
2020/04/26 23:17:03 - DEBUG - https://api.spotify.com:443 "GET /v1/me/ HTTP/1.1" 200 None
2020/04/26 23:17:03 - DEBUG - https://api.spotify.com:443 "GET /v1/me/ HTTP/1.1" 200 None
2020/04/26 23:17:03 - DEBUG - https://api.spotify.com:443 "GET /v1/me/ HTTP/1.1" 200 None
2020/04/26 23:17:03 - DEBUG - https://api.spotify.com:443 "GET /v1/me/ HTTP/1.1" 200 None
2020/04/26 23:17:03 - DEBUG - https://api.spotify.com:443 "GET /v1/me/ HTTP/1.1" 200 None
2020/04/26 23:17:03 - DEBUG - https://api.spotify.com:443 "GET /v1/me/ HTTP/1.1" 200 None
2020/04/26 23:17:03 - DEBUG - https://api.spotify.com:443 "GET /v1/me/ HTTP/1.1" 200 None
2020/04/26 23:17:03 - DEBUG - https://api.spotify.com:443 "GET /v1/me/ HTTP/1.1" 200 None
2020/04/26 23:17:03 - DEBUG - https://api.spotify.com:443 "GET /v1/me/ HTTP/1.1" 200 None
2020/04/26 23:17:03 - DEBUG - https://api.spotify.com:443 "GET /v1/me/ HTTP/1.1" 200 None
2020/04/26 23:17:03 - DEBUG - https://api.spotify.com:443 "GET /v1/me/ HTTP/1.1" 200 None
2020/04/26 23:17:03 - DEBUG - https://api.spotify.com:443 "GET /v1/me/ HTTP/1.1" 200 None
2020/04/26 23:17:03 - DEBUG - https://api.spotify.com:443 "GET /v1/me/ HTTP/1.1" 200 None
2020/04/26 23:17:04 - DEBUG - https://api.spotify.com:443 "GET /v1/me/ HTTP/1.1" 200 None
2020/04/26 23:17:04 - DEBUG - https://api.spotify.com:443 "GET /v1/me/ HTTP/1.1" 200 None
2020/04/26 23:17:04 - DEBUG - https://api.spotify.com:443 "GET /v1/me/ HTTP/1.1" 200 None
2020/04/26 23:17:04 - DEBUG - https://api.spotify.com:443 "GET /v1/me/ HTTP/1.1" 200 None
2020/04/26 23:17:04 - DEBUG - https://api.spotify.com:443 "GET /v1/me/ HTTP/1.1" 200 None
2020/04/26 23:17:04 - DEBUG - https://api.spotify.com:443 "GET /v1/me/ HTTP/1.1" 200 None
2020/04/26 23:17:04 - DEBUG - https://api.spotify.com:443 "GET /v1/me/ HTTP/1.1" 200 None
2020/04/26 23:17:04 - INFO - 127.0.0.1 - - [26/Apr/2020 23:17:04] "[37mGET /recommend HTTP/1.1[0m" 200 -
2020/04/26 23:17:04 - INFO - 127.0.0.1 - - [26/Apr/2020 23:17:04] "[33mGET /resources/demos/style.css HTTP/1.1[0m" 404 -
2020/04/26 23:17:04 - DEBUG - Starting new HTTPS connection (1): api.spotify.com
2020/04/26 23:17:04 - DEBUG - https://api.spotify.com:443 "GET /v1/me/playlists?limit=50&offset=0 HTTP/1.1" 200 None
2020/04/26 23:17:04 - DEBUG - https://api.spotify.com:443 "GET /v1/me/ HTTP/1.1" 200 None
2020/04/26 23:17:04 - DEBUG - https://api.spotify.com:443 "GET /v1/me/ HTTP/1.1" 200 None
2020/04/26 23:17:04 - DEBUG - https://api.spotify.com:443 "GET /v1/me/ HTTP/1.1" 200 None
2020/04/26 23:17:04 - DEBUG - https://api.spotify.com:443 "GET /v1/me/ HTTP/1.1" 200 None
2020/04/26 23:17:05 - DEBUG - https://api.spotify.com:443 "GET /v1/me/ HTTP/1.1" 200 None
2020/04/26 23:17:05 - DEBUG - https://api.spotify.com:443 "GET /v1/me/ HTTP/1.1" 200 None
2020/04/26 23:17:05 - DEBUG - https://api.spotify.com:443 "GET /v1/me/ HTTP/1.1" 200 None
2020/04/26 23:17:05 - DEBUG - https://api.spotify.com:443 "GET /v1/me/ HTTP/1.1" 200 None
2020/04/26 23:17:05 - DEBUG - https://api.spotify.com:443 "GET /v1/me/ HTTP/1.1" 200 None
2020/04/26 23:17:05 - DEBUG - https://api.spotify.com:443 "GET /v1/me/ HTTP/1.1" 200 None
2020/04/26 23:17:05 - DEBUG - https://api.spotify.com:443 "GET /v1/me/ HTTP/1.1" 200 None
2020/04/26 23:17:05 - DEBUG - https://api.spotify.com:443 "GET /v1/me/ HTTP/1.1" 200 None
2020/04/26 23:17:05 - DEBUG - https://api.spotify.com:443 "GET /v1/me/ HTTP/1.1" 200 None
2020/04/26 23:17:05 - DEBUG - https://api.spotify.com:443 "GET /v1/me/ HTTP/1.1" 200 None
2020/04/26 23:17:05 - DEBUG - https://api.spotify.com:443 "GET /v1/me/ HTTP/1.1" 200 None
2020/04/26 23:17:05 - DEBUG - https://api.spotify.com:443 "GET /v1/me/ HTTP/1.1" 200 None
2020/04/26 23:17:05 - DEBUG - https://api.spotify.com:443 "GET /v1/me/ HTTP/1.1" 200 None
2020/04/26 23:17:05 - DEBUG - https://api.spotify.com:443 "GET /v1/me/ HTTP/1.1" 200 None
2020/04/26 23:17:05 - DEBUG - https://api.spotify.com:443 "GET /v1/me/ HTTP/1.1" 200 None
2020/04/26 23:17:05 - INFO - 127.0.0.1 - - [26/Apr/2020 23:17:05] "[37mGET /filter1 HTTP/1.1[0m" 200 -
2020/04/26 23:17:05 - DEBUG - https://api.spotify.com:443 "GET /v1/me/ HTTP/1.1" 200 None
2020/04/26 23:17:05 - INFO - 127.0.0.1 - - [26/Apr/2020 23:17:05] "[33mGET /resources/demos/style.css HTTP/1.1[0m" 404 -
2020/04/26 23:17:05 - DEBUG - https://api.spotify.com:443 "GET /v1/me/ HTTP/1.1" 200 None
2020/04/26 23:17:05 - DEBUG - Starting new HTTPS connection (1): api.spotify.com
2020/04/26 23:17:05 - DEBUG - https://api.spotify.com:443 "GET /v1/me/ HTTP/1.1" 200 None
2020/04/26 23:17:05 - DEBUG - https://api.spotify.com:443 "GET /v1/me/ HTTP/1.1" 200 None
2020/04/26 23:17:05 - DEBUG - https://api.spotify.com:443 "GET /v1/me/ HTTP/1.1" 200 None
2020/04/26 23:17:06 - DEBUG - https://api.spotify.com:443 "GET /v1/me/ HTTP/1.1" 200 None
2020/04/26 23:17:06 - DEBUG - https://api.spotify.com:443 "GET /v1/me/ HTTP/1.1" 200 None
2020/04/26 23:17:06 - DEBUG - https://api.spotify.com:443 "GET /v1/me/playlists?limit=50&offset=0 HTTP/1.1" 200 None
2020/04/26 23:17:06 - DEBUG - https://api.spotify.com:443 "GET /v1/me/ HTTP/1.1" 200 None
2020/04/26 23:17:06 - DEBUG - https://api.spotify.com:443 "GET /v1/me/ HTTP/1.1" 200 None
2020/04/26 23:17:06 - DEBUG - https://api.spotify.com:443 "GET /v1/me/ HTTP/1.1" 200 None
2020/04/26 23:17:06 - DEBUG - https://api.spotify.com:443 "GET /v1/me/ HTTP/1.1" 200 None
2020/04/26 23:17:06 - INFO - 127.0.0.1 - - [26/Apr/2020 23:17:06] "[1m[35mGET /favicon.ico HTTP/1.1[0m" 500 -
2020/04/26 23:17:06 - DEBUG - https://api.spotify.com:443 "GET /v1/me/ HTTP/1.1" 200 None
2020/04/26 23:17:06 - DEBUG - https://api.spotify.com:443 "GET /v1/me/ HTTP/1.1" 200 None
2020/04/26 23:17:06 - DEBUG - https://api.spotify.com:443 "GET /v1/me/ HTTP/1.1" 200 None
2020/04/26 23:17:06 - DEBUG - https://api.spotify.com:443 "GET /v1/me/ HTTP/1.1" 200 None
2020/04/26 23:17:06 - DEBUG - https://api.spotify.com:443 "GET /v1/me/ HTTP/1.1" 200 None
2020/04/26 23:17:06 - DEBUG - https://api.spotify.com:443 "GET /v1/me/ HTTP/1.1" 200 None
2020/04/26 23:17:06 - DEBUG - https://api.spotify.com:443 "GET /v1/me/ HTTP/1.1" 200 None
2020/04/26 23:17:06 - DEBUG - https://api.spotify.com:443 "GET /v1/me/ HTTP/1.1" 200 None
2020/04/26 23:17:06 - DEBUG - https://api.spotify.com:443 "GET /v1/me/ HTTP/1.1" 200 None
2020/04/26 23:17:06 - DEBUG - https://api.spotify.com:443 "GET /v1/me/ HTTP/1.1" 200 None
2020/04/26 23:17:06 - DEBUG - https://api.spotify.com:443 "GET /v1/me/ HTTP/1.1" 200 None
2020/04/26 23:17:06 - DEBUG - https://api.spotify.com:443 "GET /v1/me/ HTTP/1.1" 200 None
2020/04/26 23:17:06 - DEBUG - https://api.spotify.com:443 "GET /v1/me/ HTTP/1.1" 200 None
2020/04/26 23:17:06 - DEBUG - https://api.spotify.com:443 "GET /v1/me/ HTTP/1.1" 200 None
2020/04/26 23:17:06 - DEBUG - https://api.spotify.com:443 "GET /v1/me/ HTTP/1.1" 200 None
2020/04/26 23:17:06 - DEBUG - https://api.spotify.com:443 "GET /v1/me/ HTTP/1.1" 200 None
2020/04/26 23:17:06 - DEBUG - https://api.spotify.com:443 "GET /v1/me/ HTTP/1.1" 200 None
2020/04/26 23:17:06 - DEBUG - https://api.spotify.com:443 "GET /v1/me/ HTTP/1.1" 200 None
2020/04/26 23:17:07 - DEBUG - https://api.spotify.com:443 "GET /v1/me/ HTTP/1.1" 200 None
2020/04/26 23:17:07 - DEBUG - https://api.spotify.com:443 "GET /v1/me/ HTTP/1.1" 200 None
2020/04/26 23:17:07 - DEBUG - https://api.spotify.com:443 "GET /v1/me/ HTTP/1.1" 200 None
2020/04/26 23:17:07 - DEBUG - https://api.spotify.com:443 "GET /v1/me/ HTTP/1.1" 200 None
2020/04/26 23:17:07 - DEBUG - https://api.spotify.com:443 "GET /v1/me/ HTTP/1.1" 200 None
2020/04/26 23:17:07 - DEBUG - https://api.spotify.com:443 "GET /v1/me/ HTTP/1.1" 200 None
2020/04/26 23:17:07 - DEBUG - https://api.spotify.com:443 "GET /v1/me/ HTTP/1.1" 200 None
2020/04/26 23:17:07 - DEBUG - https://api.spotify.com:443 "GET /v1/me/ HTTP/1.1" 200 None
2020/04/26 23:17:07 - DEBUG - https://api.spotify.com:443 "GET /v1/me/ HTTP/1.1" 200 None
2020/04/26 23:17:07 - DEBUG - https://api.spotify.com:443 "GET /v1/me/ HTTP/1.1" 200 None
2020/04/26 23:17:07 - INFO - 127.0.0.1 - - [26/Apr/2020 23:17:07] "[1m[35mGET /favicon.ico HTTP/1.1[0m" 500 -
2020/04/26 23:17:17 - DEBUG - Starting new HTTPS connection (1): api.spotify.com
2020/04/26 23:17:17 - DEBUG - https://api.spotify.com:443 "GET /v1/me/playlists?limit=50&offset=0 HTTP/1.1" 200 None
2020/04/26 23:17:17 - DEBUG - https://api.spotify.com:443 "GET /v1/me/ HTTP/1.1" 200 None
2020/04/26 23:17:17 - DEBUG - https://api.spotify.com:443 "GET /v1/me/ HTTP/1.1" 200 None
2020/04/26 23:17:17 - DEBUG - https://api.spotify.com:443 "GET /v1/me/ HTTP/1.1" 200 None
2020/04/26 23:17:17 - DEBUG - https://api.spotify.com:443 "GET /v1/me/ HTTP/1.1" 200 None
2020/04/26 23:17:17 - DEBUG - https://api.spotify.com:443 "GET /v1/me/ HTTP/1.1" 200 None
2020/04/26 23:17:17 - DEBUG - https://api.spotify.com:443 "GET /v1/me/ HTTP/1.1" 200 None
2020/04/26 23:17:17 - DEBUG - https://api.spotify.com:443 "GET /v1/me/ HTTP/1.1" 200 None
2020/04/26 23:17:17 - DEBUG - https://api.spotify.com:443 "GET /v1/me/ HTTP/1.1" 200 None
2020/04/26 23:17:17 - DEBUG - https://api.spotify.com:443 "GET /v1/me/ HTTP/1.1" 200 None
2020/04/26 23:17:17 - DEBUG - https://api.spotify.com:443 "GET /v1/me/ HTTP/1.1" 200 None
2020/04/26 23:17:17 - DEBUG - https://api.spotify.com:443 "GET /v1/me/ HTTP/1.1" 200 None
2020/04/26 23:17:17 - DEBUG - https://api.spotify.com:443 "GET /v1/me/ HTTP/1.1" 200 None
2020/04/26 23:17:17 - DEBUG - https://api.spotify.com:443 "GET /v1/me/ HTTP/1.1" 200 None
2020/04/26 23:17:17 - DEBUG - https://api.spotify.com:443 "GET /v1/me/ HTTP/1.1" 200 None
2020/04/26 23:17:17 - DEBUG - https://api.spotify.com:443 "GET /v1/me/ HTTP/1.1" 200 None
2020/04/26 23:17:17 - DEBUG - https://api.spotify.com:443 "GET /v1/me/ HTTP/1.1" 200 None
2020/04/26 23:17:17 - DEBUG - https://api.spotify.com:443 "GET /v1/me/ HTTP/1.1" 200 None
2020/04/26 23:17:17 - DEBUG - https://api.spotify.com:443 "GET /v1/me/ HTTP/1.1" 200 None
2020/04/26 23:17:17 - DEBUG - https://api.spotify.com:443 "GET /v1/me/ HTTP/1.1" 200 None
2020/04/26 23:17:18 - DEBUG - https://api.spotify.com:443 "GET /v1/me/ HTTP/1.1" 200 None
2020/04/26 23:17:18 - DEBUG - https://api.spotify.com:443 "GET /v1/me/ HTTP/1.1" 200 None
2020/04/26 23:17:18 - DEBUG - https://api.spotify.com:443 "GET /v1/me/ HTTP/1.1" 200 None
2020/04/26 23:17:18 - DEBUG - https://api.spotify.com:443 "GET /v1/me/ HTTP/1.1" 200 None
2020/04/26 23:17:18 - DEBUG - https://api.spotify.com:443 "GET /v1/me/ HTTP/1.1" 200 None
2020/04/26 23:17:18 - DEBUG - https://api.spotify.com:443 "GET /v1/me/ HTTP/1.1" 200 None
2020/04/26 23:17:18 - DEBUG - https://api.spotify.com:443 "GET /v1/me/ HTTP/1.1" 200 None
2020/04/26 23:17:18 - DEBUG - https://api.spotify.com:443 "GET /v1/me/ HTTP/1.1" 200 None
2020/04/26 23:17:18 - DEBUG - https://api.spotify.com:443 "GET /v1/me/ HTTP/1.1" 200 None
2020/04/26 23:17:18 - DEBUG - https://api.spotify.com:443 "GET /v1/me/ HTTP/1.1" 200 None
2020/04/26 23:17:18 - DEBUG - Starting new HTTPS connection (1): api.spotify.com
2020/04/26 23:17:18 - DEBUG - https://api.spotify.com:443 "GET /v1/me/ HTTP/1.1" 200 None
2020/04/26 23:17:18 - DEBUG - https://api.spotify.com:443 "GET /v1/playlists/4RGsxQmOs02S9iK5EY89ge/tracks?limit=100&offset=0 HTTP/1.1" 200 None
2020/04/26 23:17:18 - DEBUG - Starting new HTTPS connection (1): api.spotify.com
2020/04/26 23:17:18 - DEBUG - https://api.spotify.com:443 "GET /v1/audio-features/?ids=5qAbwj3B6H7ztbEcO9bN9T,5HYwRSalrvZC7ZTT8BuDR7,5OK1oqGteiXX9yTu19Jq6D,3CnBbnrlC1QCJXEHpww7eu,4AqH4V7PEC5BTK29FVmXQd,393MDhe62s8hbH8ETrlxe5,5MMLS3xm12D7N26xlfFApr,4C3SX21fW6CFhGqfDRJdDG,6nsLzJfvp5OLd4mgqUJkpq,4SDgTLDYrJ2UrHbkRkg7MD,0xOyiWM0l1Hacs6vNRGaEu,66ueTnPy1qW9qmNmxCRNM6,7m9OqQk4RVRkw9JJdeAw96,1dLiAhDTwWtIhp64fPwUKo,5giMVAPeTo9WsBdrR3FKyi,2hwOoMtWPtTSSn6WHV7Vp5 HTTP/1.1" 200 None
2020/04/26 23:17:18 - DEBUG - Starting new HTTPS connection (1): api.spotify.com
2020/04/26 23:17:18 - DEBUG - https://api.spotify.com:443 "GET /v1/me/ HTTP/1.1" 200 None
2020/04/26 23:17:18 - DEBUG - https://api.spotify.com:443 "POST /v1/users/demonater89/playlists HTTP/1.1" 201 None
2020/04/26 23:17:18 - DEBUG - Starting new HTTPS connection (1): api.spotify.com
2020/04/26 23:17:19 - DEBUG - https://api.spotify.com:443 "GET /v1/me/playlists?limit=50&offset=0 HTTP/1.1" 200 None
2020/04/26 23:17:19 - DEBUG - https://api.spotify.com:443 "GET /v1/me/ HTTP/1.1" 200 None
2020/04/26 23:17:19 - DEBUG - https://api.spotify.com:443 "GET /v1/me/ HTTP/1.1" 200 None
2020/04/26 23:17:19 - DEBUG - https://api.spotify.com:443 "GET /v1/me/ HTTP/1.1" 200 None
2020/04/26 23:17:19 - DEBUG - https://api.spotify.com:443 "GET /v1/me/ HTTP/1.1" 200 None
2020/04/26 23:17:19 - DEBUG - https://api.spotify.com:443 "GET /v1/me/ HTTP/1.1" 200 None
2020/04/26 23:17:19 - DEBUG - https://api.spotify.com:443 "GET /v1/me/ HTTP/1.1" 200 None
2020/04/26 23:17:19 - DEBUG - https://api.spotify.com:443 "GET /v1/me/ HTTP/1.1" 200 None
2020/04/26 23:17:19 - DEBUG - https://api.spotify.com:443 "GET /v1/me/ HTTP/1.1" 200 None
2020/04/26 23:17:19 - DEBUG - https://api.spotify.com:443 "GET /v1/me/ HTTP/1.1" 200 None
2020/04/26 23:17:19 - DEBUG - https://api.spotify.com:443 "GET /v1/me/ HTTP/1.1" 200 None
2020/04/26 23:17:19 - DEBUG - https://api.spotify.com:443 "GET /v1/me/ HTTP/1.1" 200 None
2020/04/26 23:17:19 - DEBUG - https://api.spotify.com:443 "GET /v1/me/ HTTP/1.1" 200 None
2020/04/26 23:17:19 - DEBUG - https://api.spotify.com:443 "GET /v1/me/ HTTP/1.1" 200 None
2020/04/26 23:17:19 - DEBUG - https://api.spotify.com:443 "GET /v1/me/ HTTP/1.1" 200 None
2020/04/26 23:17:20 - DEBUG - https://api.spotify.com:443 "GET /v1/me/ HTTP/1.1" 200 None
2020/04/26 23:17:20 - DEBUG - https://api.spotify.com:443 "GET /v1/me/ HTTP/1.1" 200 None
2020/04/26 23:17:20 - DEBUG - https://api.spotify.com:443 "GET /v1/me/ HTTP/1.1" 200 None
2020/04/26 23:17:20 - DEBUG - https://api.spotify.com:443 "GET /v1/me/ HTTP/1.1" 200 None
2020/04/26 23:17:20 - DEBUG - https://api.spotify.com:443 "GET /v1/me/ HTTP/1.1" 200 None
2020/04/26 23:17:20 - DEBUG - https://api.spotify.com:443 "GET /v1/me/ HTTP/1.1" 200 None
2020/04/26 23:17:20 - DEBUG - https://api.spotify.com:443 "GET /v1/me/ HTTP/1.1" 200 None
2020/04/26 23:17:20 - DEBUG - https://api.spotify.com:443 "GET /v1/me/ HTTP/1.1" 200 None
2020/04/26 23:17:20 - DEBUG - https://api.spotify.com:443 "GET /v1/me/ HTTP/1.1" 200 None
2020/04/26 23:17:20 - DEBUG - https://api.spotify.com:443 "GET /v1/me/ HTTP/1.1" 200 None
2020/04/26 23:17:20 - DEBUG - https://api.spotify.com:443 "GET /v1/me/ HTTP/1.1" 200 None
2020/04/26 23:17:20 - DEBUG - https://api.spotify.com:443 "GET /v1/me/ HTTP/1.1" 200 None
2020/04/26 23:17:20 - DEBUG - https://api.spotify.com:443 "GET /v1/me/ HTTP/1.1" 200 None
2020/04/26 23:17:20 - DEBUG - https://api.spotify.com:443 "GET /v1/me/ HTTP/1.1" 200 None
2020/04/26 23:17:20 - DEBUG - https://api.spotify.com:443 "GET /v1/me/ HTTP/1.1" 200 None
2020/04/26 23:17:20 - DEBUG - https://api.spotify.com:443 "GET /v1/me/ HTTP/1.1" 200 None
2020/04/26 23:17:20 - DEBUG - https://api.spotify.com:443 "GET /v1/me/ HTTP/1.1" 200 None
2020/04/26 23:17:21 - DEBUG - https://api.spotify.com:443 "POST /v1/users/demonater89/playlists/5VP46ijCDZisUOysAnLAFG/tracks HTTP/1.1" 201 None
2020/04/26 23:17:21 - DEBUG - Starting new HTTPS connection (1): api.spotify.com
2020/04/26 23:17:21 - DEBUG - https://api.spotify.com:443 "GET /v1/me/playlists?limit=50&offset=0 HTTP/1.1" 200 None
2020/04/26 23:17:21 - DEBUG - https://api.spotify.com:443 "GET /v1/me/ HTTP/1.1" 200 None
2020/04/26 23:17:21 - DEBUG - https://api.spotify.com:443 "GET /v1/me/ HTTP/1.1" 200 None
2020/04/26 23:17:21 - DEBUG - https://api.spotify.com:443 "GET /v1/me/ HTTP/1.1" 200 None
2020/04/26 23:17:21 - DEBUG - https://api.spotify.com:443 "GET /v1/me/ HTTP/1.1" 200 None
2020/04/26 23:17:21 - DEBUG - https://api.spotify.com:443 "GET /v1/me/ HTTP/1.1" 200 None
2020/04/26 23:17:21 - DEBUG - https://api.spotify.com:443 "GET /v1/me/ HTTP/1.1" 200 None
2020/04/26 23:17:21 - DEBUG - https://api.spotify.com:443 "GET /v1/me/ HTTP/1.1" 200 None
2020/04/26 23:17:21 - DEBUG - https://api.spotify.com:443 "GET /v1/me/ HTTP/1.1" 200 None
2020/04/26 23:17:21 - DEBUG - https://api.spotify.com:443 "GET /v1/me/ HTTP/1.1" 200 None
2020/04/26 23:17:21 - DEBUG - https://api.spotify.com:443 "GET /v1/me/ HTTP/1.1" 200 None
2020/04/26 23:17:21 - DEBUG - https://api.spotify.com:443 "GET /v1/me/ HTTP/1.1" 200 None
2020/04/26 23:17:21 - DEBUG - https://api.spotify.com:443 "GET /v1/me/ HTTP/1.1" 200 None
2020/04/26 23:17:21 - DEBUG - https://api.spotify.com:443 "GET /v1/me/ HTTP/1.1" 200 None
2020/04/26 23:17:21 - DEBUG - https://api.spotify.com:443 "GET /v1/me/ HTTP/1.1" 200 None
2020/04/26 23:17:21 - DEBUG - https://api.spotify.com:443 "GET /v1/me/ HTTP/1.1" 200 None
2020/04/26 23:17:22 - DEBUG - https://api.spotify.com:443 "GET /v1/me/ HTTP/1.1" 200 None
2020/04/26 23:17:22 - DEBUG - https://api.spotify.com:443 "GET /v1/me/ HTTP/1.1" 200 None
2020/04/26 23:17:22 - DEBUG - https://api.spotify.com:443 "GET /v1/me/ HTTP/1.1" 200 None
2020/04/26 23:17:22 - DEBUG - https://api.spotify.com:443 "GET /v1/me/ HTTP/1.1" 200 None
2020/04/26 23:17:22 - DEBUG - https://api.spotify.com:443 "GET /v1/me/ HTTP/1.1" 200 None
2020/04/26 23:17:22 - DEBUG - https://api.spotify.com:443 "GET /v1/me/ HTTP/1.1" 200 None
2020/04/26 23:17:22 - DEBUG - https://api.spotify.com:443 "GET /v1/me/ HTTP/1.1" 200 None
2020/04/26 23:17:22 - DEBUG - https://api.spotify.com:443 "GET /v1/me/ HTTP/1.1" 200 None
2020/04/26 23:17:22 - DEBUG - https://api.spotify.com:443 "GET /v1/me/ HTTP/1.1" 200 None
2020/04/26 23:17:22 - DEBUG - https://api.spotify.com:443 "GET /v1/me/ HTTP/1.1" 200 None
2020/04/26 23:17:22 - DEBUG - https://api.spotify.com:443 "GET /v1/me/ HTTP/1.1" 200 None
2020/04/26 23:17:22 - DEBUG - https://api.spotify.com:443 "GET /v1/me/ HTTP/1.1" 200 None
2020/04/26 23:17:22 - DEBUG - https://api.spotify.com:443 "GET /v1/me/ HTTP/1.1" 200 None
2020/04/26 23:17:22 - DEBUG - https://api.spotify.com:443 "GET /v1/me/ HTTP/1.1" 200 None
2020/04/26 23:17:22 - DEBUG - https://api.spotify.com:443 "GET /v1/me/ HTTP/1.1" 200 None
2020/04/26 23:17:22 - DEBUG - Starting new HTTPS connection (1): api.spotify.com
2020/04/26 23:17:22 - DEBUG - https://api.spotify.com:443 "GET /v1/me/ HTTP/1.1" 200 None
2020/04/26 23:17:22 - DEBUG - https://api.spotify.com:443 "GET /v1/playlists/5VP46ijCDZisUOysAnLAFG/tracks?limit=100&offset=0 HTTP/1.1" 200 None
2020/04/26 23:17:22 - DEBUG - Starting new HTTPS connection (1): api.spotify.com
2020/04/26 23:17:22 - DEBUG - https://api.spotify.com:443 "GET /v1/me/playlists?limit=50&offset=0 HTTP/1.1" 200 None
2020/04/26 23:17:22 - DEBUG - https://api.spotify.com:443 "GET /v1/me/ HTTP/1.1" 200 None
2020/04/26 23:17:22 - DEBUG - https://api.spotify.com:443 "GET /v1/me/ HTTP/1.1" 200 None
2020/04/26 23:17:23 - DEBUG - https://api.spotify.com:443 "GET /v1/me/ HTTP/1.1" 429 None
2020/04/26 23:17:27 - DEBUG - https://api.spotify.com:443 "GET /v1/me/ HTTP/1.1" 200 None
2020/04/26 23:17:27 - DEBUG - https://api.spotify.com:443 "GET /v1/me/ HTTP/1.1" 200 None
2020/04/26 23:17:27 - DEBUG - https://api.spotify.com:443 "GET /v1/me/ HTTP/1.1" 200 None
2020/04/26 23:17:27 - DEBUG - https://api.spotify.com:443 "GET /v1/me/ HTTP/1.1" 200 None
2020/04/26 23:17:27 - DEBUG - https://api.spotify.com:443 "GET /v1/me/ HTTP/1.1" 200 None
2020/04/26 23:17:27 - DEBUG - https://api.spotify.com:443 "GET /v1/me/ HTTP/1.1" 200 None
2020/04/26 23:17:27 - DEBUG - https://api.spotify.com:443 "GET /v1/me/ HTTP/1.1" 200 None
2020/04/26 23:17:27 - DEBUG - https://api.spotify.com:443 "GET /v1/me/ HTTP/1.1" 200 None
2020/04/26 23:17:27 - DEBUG - https://api.spotify.com:443 "GET /v1/me/ HTTP/1.1" 200 None
2020/04/26 23:17:27 - DEBUG - https://api.spotify.com:443 "GET /v1/me/ HTTP/1.1" 200 None
2020/04/26 23:17:27 - DEBUG - https://api.spotify.com:443 "GET /v1/me/ HTTP/1.1" 200 None
2020/04/26 23:17:27 - DEBUG - https://api.spotify.com:443 "GET /v1/me/ HTTP/1.1" 200 None
2020/04/26 23:17:27 - DEBUG - https://api.spotify.com:443 "GET /v1/me/ HTTP/1.1" 200 None
2020/04/26 23:17:27 - DEBUG - https://api.spotify.com:443 "GET /v1/me/ HTTP/1.1" 200 None
2020/04/26 23:17:27 - DEBUG - https://api.spotify.com:443 "GET /v1/me/ HTTP/1.1" 200 None
2020/04/26 23:17:27 - DEBUG - https://api.spotify.com:443 "GET /v1/me/ HTTP/1.1" 200 None
2020/04/26 23:17:27 - DEBUG - https://api.spotify.com:443 "GET /v1/me/ HTTP/1.1" 200 None
2020/04/26 23:17:27 - DEBUG - https://api.spotify.com:443 "GET /v1/me/ HTTP/1.1" 200 None
2020/04/26 23:17:27 - DEBUG - https://api.spotify.com:443 "GET /v1/me/ HTTP/1.1" 200 None
2020/04/26 23:17:27 - DEBUG - https://api.spotify.com:443 "GET /v1/me/ HTTP/1.1" 200 None
2020/04/26 23:17:27 - DEBUG - https://api.spotify.com:443 "GET /v1/me/ HTTP/1.1" 200 None
2020/04/26 23:17:27 - DEBUG - https://api.spotify.com:443 "GET /v1/me/ HTTP/1.1" 200 None
2020/04/26 23:17:27 - DEBUG - https://api.spotify.com:443 "GET /v1/me/ HTTP/1.1" 200 None
2020/04/26 23:17:27 - DEBUG - https://api.spotify.com:443 "GET /v1/me/ HTTP/1.1" 200 None
2020/04/26 23:17:27 - DEBUG - https://api.spotify.com:443 "GET /v1/me/ HTTP/1.1" 200 None
2020/04/26 23:17:28 - DEBUG - https://api.spotify.com:443 "GET /v1/me/ HTTP/1.1" 200 None
2020/04/26 23:17:28 - DEBUG - https://api.spotify.com:443 "GET /v1/me/ HTTP/1.1" 200 None
2020/04/26 23:17:28 - DEBUG - https://api.spotify.com:443 "GET /v1/me/ HTTP/1.1" 200 None
2020/04/26 23:17:28 - DEBUG - Starting new HTTPS connection (1): api.spotify.com
2020/04/26 23:17:28 - DEBUG - https://api.spotify.com:443 "GET /v1/me/ HTTP/1.1" 200 None
2020/04/26 23:17:28 - DEBUG - https://api.spotify.com:443 "GET /v1/playlists/5VP46ijCDZisUOysAnLAFG/tracks?limit=100&offset=0 HTTP/1.1" 200 None
2020/04/26 23:17:28 - DEBUG - Starting new HTTPS connection (1): api.spotify.com
2020/04/26 23:17:28 - DEBUG - https://api.spotify.com:443 "GET /v1/me/playlists?limit=50&offset=0 HTTP/1.1" 200 None
2020/04/26 23:17:28 - INFO - 127.0.0.1 - - [26/Apr/2020 23:17:28] "[37mPOST /newPlayList1 HTTP/1.1[0m" 200 -
2020/04/26 23:17:28 - INFO - 127.0.0.1 - - [26/Apr/2020 23:17:28] "[33mGET /resources/demos/style.css HTTP/1.1[0m" 404 -
2020/04/26 23:17:28 - DEBUG - Starting new HTTPS connection (1): api.spotify.com
2020/04/26 23:17:28 - DEBUG - https://api.spotify.com:443 "GET /v1/me/playlists?limit=50&offset=0 HTTP/1.1" 200 None
2020/04/26 23:17:28 - DEBUG - https://api.spotify.com:443 "GET /v1/me/ HTTP/1.1" 200 None
2020/04/26 23:17:28 - DEBUG - https://api.spotify.com:443 "GET /v1/me/ HTTP/1.1" 200 None
2020/04/26 23:17:28 - DEBUG - https://api.spotify.com:443 "GET /v1/me/ HTTP/1.1" 200 None
2020/04/26 23:17:28 - DEBUG - https://api.spotify.com:443 "GET /v1/me/ HTTP/1.1" 200 None
2020/04/26 23:17:28 - DEBUG - https://api.spotify.com:443 "GET /v1/me/ HTTP/1.1" 200 None
2020/04/26 23:17:28 - DEBUG - https://api.spotify.com:443 "GET /v1/me/ HTTP/1.1" 200 None
2020/04/26 23:17:28 - DEBUG - https://api.spotify.com:443 "GET /v1/me/ HTTP/1.1" 200 None
2020/04/26 23:17:29 - DEBUG - https://api.spotify.com:443 "GET /v1/me/ HTTP/1.1" 200 None
2020/04/26 23:17:29 - DEBUG - https://api.spotify.com:443 "GET /v1/me/ HTTP/1.1" 200 None
2020/04/26 23:17:29 - DEBUG - https://api.spotify.com:443 "GET /v1/me/ HTTP/1.1" 200 None
2020/04/26 23:17:29 - DEBUG - https://api.spotify.com:443 "GET /v1/me/ HTTP/1.1" 200 None
2020/04/26 23:17:29 - DEBUG - https://api.spotify.com:443 "GET /v1/me/ HTTP/1.1" 200 None
2020/04/26 23:17:29 - DEBUG - https://api.spotify.com:443 "GET /v1/me/ HTTP/1.1" 200 None
2020/04/26 23:17:29 - DEBUG - https://api.spotify.com:443 "GET /v1/me/ HTTP/1.1" 200 None
2020/04/26 23:17:29 - DEBUG - https://api.spotify.com:443 "GET /v1/me/ HTTP/1.1" 200 None
2020/04/26 23:17:29 - DEBUG - https://api.spotify.com:443 "GET /v1/me/ HTTP/1.1" 200 None
2020/04/26 23:17:29 - DEBUG - https://api.spotify.com:443 "GET /v1/me/ HTTP/1.1" 200 None
2020/04/26 23:17:29 - DEBUG - https://api.spotify.com:443 "GET /v1/me/ HTTP/1.1" 200 None
2020/04/26 23:17:29 - DEBUG - https://api.spotify.com:443 "GET /v1/me/ HTTP/1.1" 200 None
2020/04/26 23:17:29 - DEBUG - https://api.spotify.com:443 "GET /v1/me/ HTTP/1.1" 200 None
2020/04/26 23:17:29 - DEBUG - https://api.spotify.com:443 "GET /v1/me/ HTTP/1.1" 200 None
2020/04/26 23:17:29 - DEBUG - https://api.spotify.com:443 "GET /v1/me/ HTTP/1.1" 200 None
2020/04/26 23:17:29 - DEBUG - https://api.spotify.com:443 "GET /v1/me/ HTTP/1.1" 200 None
2020/04/26 23:17:29 - DEBUG - https://api.spotify.com:443 "GET /v1/me/ HTTP/1.1" 200 None
2020/04/26 23:17:29 - DEBUG - https://api.spotify.com:443 "GET /v1/me/ HTTP/1.1" 200 None
2020/04/26 23:17:29 - DEBUG - https://api.spotify.com:443 "GET /v1/me/ HTTP/1.1" 200 None
2020/04/26 23:17:30 - DEBUG - https://api.spotify.com:443 "GET /v1/me/ HTTP/1.1" 200 None
2020/04/26 23:17:30 - DEBUG - https://api.spotify.com:443 "GET /v1/me/ HTTP/1.1" 200 None
2020/04/26 23:17:30 - DEBUG - https://api.spotify.com:443 "GET /v1/me/ HTTP/1.1" 200 None
2020/04/26 23:17:30 - DEBUG - https://api.spotify.com:443 "GET /v1/me/ HTTP/1.1" 200 None
2020/04/26 23:17:30 - INFO - 127.0.0.1 - - [26/Apr/2020 23:17:30] "[1m[35mGET /favicon.ico HTTP/1.1[0m" 500 -
