2020/04/26 16:32:52 - WARNING -  * Debugger is active!
2020/04/26 16:32:52 - INFO -  * Debugger PIN: 289-368-226
2020/04/26 16:32:57 - INFO - 127.0.0.1 - - [26/Apr/2020 16:32:57] "[32mGET / HTTP/1.1[0m" 302 -
2020/04/26 16:32:57 - DEBUG - Starting new HTTPS connection (1): accounts.spotify.com
2020/04/26 16:32:58 - DEBUG - https://accounts.spotify.com:443 "POST /api/token HTTP/1.1" 200 None
2020/04/26 16:32:58 - DEBUG - Starting new HTTPS connection (1): api.spotify.com
2020/04/26 16:32:58 - DEBUG - https://api.spotify.com:443 "GET /v1/me/playlists?limit=50&offset=0 HTTP/1.1" 200 None
2020/04/26 16:32:58 - DEBUG - https://api.spotify.com:443 "GET /v1/me/ HTTP/1.1" 200 None
2020/04/26 16:32:59 - DEBUG - https://api.spotify.com:443 "GET /v1/me/ HTTP/1.1" 200 None
2020/04/26 16:32:59 - DEBUG - https://api.spotify.com:443 "GET /v1/me/ HTTP/1.1" 200 None
2020/04/26 16:32:59 - DEBUG - https://api.spotify.com:443 "GET /v1/me/ HTTP/1.1" 200 None
2020/04/26 16:32:59 - DEBUG - https://api.spotify.com:443 "GET /v1/me/ HTTP/1.1" 200 None
2020/04/26 16:32:59 - DEBUG - https://api.spotify.com:443 "GET /v1/me/ HTTP/1.1" 200 None
2020/04/26 16:32:59 - DEBUG - https://api.spotify.com:443 "GET /v1/me/ HTTP/1.1" 200 None
2020/04/26 16:32:59 - DEBUG - https://api.spotify.com:443 "GET /v1/me/ HTTP/1.1" 200 None
2020/04/26 16:32:59 - DEBUG - https://api.spotify.com:443 "GET /v1/me/ HTTP/1.1" 200 None
2020/04/26 16:32:59 - DEBUG - https://api.spotify.com:443 "GET /v1/me/ HTTP/1.1" 200 None
2020/04/26 16:33:00 - DEBUG - https://api.spotify.com:443 "GET /v1/me/ HTTP/1.1" 200 None
2020/04/26 16:33:00 - DEBUG - https://api.spotify.com:443 "GET /v1/me/ HTTP/1.1" 200 None
2020/04/26 16:33:00 - DEBUG - https://api.spotify.com:443 "GET /v1/me/ HTTP/1.1" 200 None
2020/04/26 16:33:00 - DEBUG - https://api.spotify.com:443 "GET /v1/me/ HTTP/1.1" 200 None
2020/04/26 16:33:00 - DEBUG - https://api.spotify.com:443 "GET /v1/me/ HTTP/1.1" 200 None
2020/04/26 16:33:00 - DEBUG - https://api.spotify.com:443 "GET /v1/me/ HTTP/1.1" 200 None
2020/04/26 16:33:00 - DEBUG - https://api.spotify.com:443 "GET /v1/me/ HTTP/1.1" 200 None
2020/04/26 16:33:00 - DEBUG - https://api.spotify.com:443 "GET /v1/me/ HTTP/1.1" 200 None
2020/04/26 16:33:00 - DEBUG - https://api.spotify.com:443 "GET /v1/me/ HTTP/1.1" 200 None
2020/04/26 16:33:00 - DEBUG - https://api.spotify.com:443 "GET /v1/me/ HTTP/1.1" 200 None
2020/04/26 16:33:01 - DEBUG - https://api.spotify.com:443 "GET /v1/me/ HTTP/1.1" 200 None
2020/04/26 16:33:01 - DEBUG - https://api.spotify.com:443 "GET /v1/me/ HTTP/1.1" 200 None
2020/04/26 16:33:01 - DEBUG - https://api.spotify.com:443 "GET /v1/me/ HTTP/1.1" 200 None
2020/04/26 16:33:01 - DEBUG - https://api.spotify.com:443 "GET /v1/me/ HTTP/1.1" 200 None
2020/04/26 16:33:01 - INFO - 127.0.0.1 - - [26/Apr/2020 16:33:01] "[37mGET /callback?code=AQDsZV7R0at3ufAYa31_ABEOYGh1_TycVmMxjx98ZHhEKouNoWL0uwZUlHeBMCWWH6QGBV0yZFqG7NhX61Cmx_2lpB2a3lT6waeST9pG_lxKW0qmvVYMfaHnRoUhHKq5sJSG1AruEzJoTz26roqaSfeXRYFZWF4IX8-Y22K1Kd_8RzusYzP9Zf3VkDcEFdYX-cO_eDh6uPHatwCMdBu8LTooprtBCPvSfHGV628WX-FXvVtd8Izg8mq2DQMAh5HWV2yucwe78dazeX8X_8EwV6jzlrhkzlh2GZLil7tivuOK7_p9cFLlMPfkJAYECIyx5leQHMfSfDAj HTTP/1.1[0m" 200 -
2020/04/26 16:33:01 - INFO - 127.0.0.1 - - [26/Apr/2020 16:33:01] "[33mGET /resources/demos/style.css HTTP/1.1[0m" 404 -
2020/04/26 16:33:01 - DEBUG - Starting new HTTPS connection (1): api.spotify.com
2020/04/26 16:33:01 - DEBUG - https://api.spotify.com:443 "GET /v1/me/playlists?limit=50&offset=0 HTTP/1.1" 200 None
2020/04/26 16:33:01 - DEBUG - https://api.spotify.com:443 "GET /v1/me/ HTTP/1.1" 200 None
2020/04/26 16:33:01 - DEBUG - https://api.spotify.com:443 "GET /v1/me/ HTTP/1.1" 200 None
2020/04/26 16:33:01 - DEBUG - https://api.spotify.com:443 "GET /v1/me/ HTTP/1.1" 200 None
2020/04/26 16:33:01 - DEBUG - https://api.spotify.com:443 "GET /v1/me/ HTTP/1.1" 200 None
2020/04/26 16:33:01 - DEBUG - https://api.spotify.com:443 "GET /v1/me/ HTTP/1.1" 200 None
2020/04/26 16:33:01 - DEBUG - https://api.spotify.com:443 "GET /v1/me/ HTTP/1.1" 200 None
2020/04/26 16:33:01 - DEBUG - https://api.spotify.com:443 "GET /v1/me/ HTTP/1.1" 200 None
2020/04/26 16:33:02 - DEBUG - https://api.spotify.com:443 "GET /v1/me/ HTTP/1.1" 200 None
2020/04/26 16:33:02 - DEBUG - https://api.spotify.com:443 "GET /v1/me/ HTTP/1.1" 200 None
2020/04/26 16:33:02 - DEBUG - https://api.spotify.com:443 "GET /v1/me/ HTTP/1.1" 200 None
2020/04/26 16:33:02 - DEBUG - https://api.spotify.com:443 "GET /v1/me/ HTTP/1.1" 200 None
2020/04/26 16:33:02 - DEBUG - https://api.spotify.com:443 "GET /v1/me/ HTTP/1.1" 200 None
2020/04/26 16:33:02 - DEBUG - https://api.spotify.com:443 "GET /v1/me/ HTTP/1.1" 200 None
2020/04/26 16:33:02 - DEBUG - https://api.spotify.com:443 "GET /v1/me/ HTTP/1.1" 200 None
2020/04/26 16:33:02 - DEBUG - https://api.spotify.com:443 "GET /v1/me/ HTTP/1.1" 200 None
2020/04/26 16:33:02 - DEBUG - https://api.spotify.com:443 "GET /v1/me/ HTTP/1.1" 200 None
2020/04/26 16:33:02 - DEBUG - https://api.spotify.com:443 "GET /v1/me/ HTTP/1.1" 200 None
2020/04/26 16:33:02 - DEBUG - https://api.spotify.com:443 "GET /v1/me/ HTTP/1.1" 200 None
2020/04/26 16:33:02 - DEBUG - https://api.spotify.com:443 "GET /v1/me/ HTTP/1.1" 200 None
2020/04/26 16:33:02 - DEBUG - https://api.spotify.com:443 "GET /v1/me/ HTTP/1.1" 200 None
2020/04/26 16:33:02 - DEBUG - https://api.spotify.com:443 "GET /v1/me/ HTTP/1.1" 200 None
2020/04/26 16:33:02 - DEBUG - https://api.spotify.com:443 "GET /v1/me/ HTTP/1.1" 200 None
2020/04/26 16:33:02 - DEBUG - https://api.spotify.com:443 "GET /v1/me/ HTTP/1.1" 200 None
2020/04/26 16:33:02 - DEBUG - https://api.spotify.com:443 "GET /v1/me/ HTTP/1.1" 200 None
2020/04/26 16:33:02 - INFO - 127.0.0.1 - - [26/Apr/2020 16:33:02] "[1m[35mGET /favicon.ico HTTP/1.1[0m" 500 -
2020/04/26 16:33:03 - DEBUG - Starting new HTTPS connection (1): api.spotify.com
2020/04/26 16:33:03 - DEBUG - https://api.spotify.com:443 "GET /v1/me/playlists?limit=50&offset=0 HTTP/1.1" 200 None
2020/04/26 16:33:03 - DEBUG - https://api.spotify.com:443 "GET /v1/me/ HTTP/1.1" 200 None
2020/04/26 16:33:03 - DEBUG - https://api.spotify.com:443 "GET /v1/me/ HTTP/1.1" 200 None
2020/04/26 16:33:03 - DEBUG - https://api.spotify.com:443 "GET /v1/me/ HTTP/1.1" 200 None
2020/04/26 16:33:03 - DEBUG - https://api.spotify.com:443 "GET /v1/me/ HTTP/1.1" 200 None
2020/04/26 16:33:03 - DEBUG - https://api.spotify.com:443 "GET /v1/me/ HTTP/1.1" 200 None
2020/04/26 16:33:03 - DEBUG - https://api.spotify.com:443 "GET /v1/me/ HTTP/1.1" 200 None
2020/04/26 16:33:04 - DEBUG - https://api.spotify.com:443 "GET /v1/me/ HTTP/1.1" 200 None
2020/04/26 16:33:04 - DEBUG - https://api.spotify.com:443 "GET /v1/me/ HTTP/1.1" 200 None
2020/04/26 16:33:04 - DEBUG - https://api.spotify.com:443 "GET /v1/me/ HTTP/1.1" 200 None
2020/04/26 16:33:04 - DEBUG - https://api.spotify.com:443 "GET /v1/me/ HTTP/1.1" 200 None
2020/04/26 16:33:04 - DEBUG - https://api.spotify.com:443 "GET /v1/me/ HTTP/1.1" 200 None
2020/04/26 16:33:04 - DEBUG - https://api.spotify.com:443 "GET /v1/me/ HTTP/1.1" 200 None
2020/04/26 16:33:04 - DEBUG - https://api.spotify.com:443 "GET /v1/me/ HTTP/1.1" 200 None
2020/04/26 16:33:04 - DEBUG - https://api.spotify.com:443 "GET /v1/me/ HTTP/1.1" 200 None
2020/04/26 16:33:04 - DEBUG - https://api.spotify.com:443 "GET /v1/me/ HTTP/1.1" 200 None
2020/04/26 16:33:04 - DEBUG - https://api.spotify.com:443 "GET /v1/me/ HTTP/1.1" 200 None
2020/04/26 16:33:04 - DEBUG - https://api.spotify.com:443 "GET /v1/me/ HTTP/1.1" 200 None
2020/04/26 16:33:04 - DEBUG - https://api.spotify.com:443 "GET /v1/me/ HTTP/1.1" 200 None
2020/04/26 16:33:04 - DEBUG - https://api.spotify.com:443 "GET /v1/me/ HTTP/1.1" 200 None
2020/04/26 16:33:04 - DEBUG - https://api.spotify.com:443 "GET /v1/me/ HTTP/1.1" 200 None
2020/04/26 16:33:04 - DEBUG - https://api.spotify.com:443 "GET /v1/me/ HTTP/1.1" 200 None
2020/04/26 16:33:04 - DEBUG - https://api.spotify.com:443 "GET /v1/me/ HTTP/1.1" 200 None
2020/04/26 16:33:04 - DEBUG - https://api.spotify.com:443 "GET /v1/me/ HTTP/1.1" 200 None
2020/04/26 16:33:04 - DEBUG - https://api.spotify.com:443 "GET /v1/me/ HTTP/1.1" 200 None
2020/04/26 16:33:04 - INFO - 127.0.0.1 - - [26/Apr/2020 16:33:04] "[37mGET /recommend HTTP/1.1[0m" 200 -
2020/04/26 16:33:04 - INFO - 127.0.0.1 - - [26/Apr/2020 16:33:04] "[33mGET /resources/demos/style.css HTTP/1.1[0m" 404 -
2020/04/26 16:33:04 - DEBUG - Starting new HTTPS connection (1): api.spotify.com
2020/04/26 16:33:05 - DEBUG - https://api.spotify.com:443 "GET /v1/me/playlists?limit=50&offset=0 HTTP/1.1" 200 None
2020/04/26 16:33:05 - DEBUG - https://api.spotify.com:443 "GET /v1/me/ HTTP/1.1" 200 None
2020/04/26 16:33:05 - DEBUG - https://api.spotify.com:443 "GET /v1/me/ HTTP/1.1" 200 None
2020/04/26 16:33:05 - DEBUG - https://api.spotify.com:443 "GET /v1/me/ HTTP/1.1" 200 None
2020/04/26 16:33:05 - DEBUG - https://api.spotify.com:443 "GET /v1/me/ HTTP/1.1" 200 None
2020/04/26 16:33:05 - DEBUG - https://api.spotify.com:443 "GET /v1/me/ HTTP/1.1" 200 None
2020/04/26 16:33:05 - DEBUG - https://api.spotify.com:443 "GET /v1/me/ HTTP/1.1" 200 None
2020/04/26 16:33:05 - DEBUG - https://api.spotify.com:443 "GET /v1/me/ HTTP/1.1" 200 None
2020/04/26 16:33:05 - DEBUG - https://api.spotify.com:443 "GET /v1/me/ HTTP/1.1" 200 None
2020/04/26 16:33:05 - DEBUG - https://api.spotify.com:443 "GET /v1/me/ HTTP/1.1" 200 None
2020/04/26 16:33:05 - DEBUG - https://api.spotify.com:443 "GET /v1/me/ HTTP/1.1" 200 None
2020/04/26 16:33:05 - DEBUG - https://api.spotify.com:443 "GET /v1/me/ HTTP/1.1" 200 None
2020/04/26 16:33:05 - DEBUG - https://api.spotify.com:443 "GET /v1/me/ HTTP/1.1" 200 None
2020/04/26 16:33:05 - DEBUG - https://api.spotify.com:443 "GET /v1/me/ HTTP/1.1" 200 None
2020/04/26 16:33:05 - DEBUG - https://api.spotify.com:443 "GET /v1/me/ HTTP/1.1" 200 None
2020/04/26 16:33:05 - DEBUG - https://api.spotify.com:443 "GET /v1/me/ HTTP/1.1" 200 None
2020/04/26 16:33:05 - DEBUG - https://api.spotify.com:443 "GET /v1/me/ HTTP/1.1" 200 None
2020/04/26 16:33:05 - DEBUG - https://api.spotify.com:443 "GET /v1/me/ HTTP/1.1" 200 None
2020/04/26 16:33:05 - DEBUG - https://api.spotify.com:443 "GET /v1/me/ HTTP/1.1" 200 None
2020/04/26 16:33:06 - DEBUG - https://api.spotify.com:443 "GET /v1/me/ HTTP/1.1" 200 None
2020/04/26 16:33:06 - DEBUG - https://api.spotify.com:443 "GET /v1/me/ HTTP/1.1" 200 None
2020/04/26 16:33:06 - DEBUG - https://api.spotify.com:443 "GET /v1/me/ HTTP/1.1" 200 None
2020/04/26 16:33:06 - DEBUG - https://api.spotify.com:443 "GET /v1/me/ HTTP/1.1" 200 None
2020/04/26 16:33:06 - DEBUG - https://api.spotify.com:443 "GET /v1/me/ HTTP/1.1" 200 None
2020/04/26 16:33:06 - DEBUG - https://api.spotify.com:443 "GET /v1/me/ HTTP/1.1" 200 None
2020/04/26 16:33:06 - INFO - 127.0.0.1 - - [26/Apr/2020 16:33:06] "[1m[35mGET /favicon.ico HTTP/1.1[0m" 500 -
2020/04/26 16:33:06 - DEBUG - Starting new HTTPS connection (1): api.spotify.com
2020/04/26 16:33:06 - DEBUG - https://api.spotify.com:443 "GET /v1/me/playlists?limit=50&offset=0 HTTP/1.1" 200 None
2020/04/26 16:33:06 - DEBUG - https://api.spotify.com:443 "GET /v1/me/ HTTP/1.1" 200 None
2020/04/26 16:33:06 - DEBUG - https://api.spotify.com:443 "GET /v1/me/ HTTP/1.1" 200 None
2020/04/26 16:33:06 - DEBUG - https://api.spotify.com:443 "GET /v1/me/ HTTP/1.1" 200 None
2020/04/26 16:33:06 - DEBUG - https://api.spotify.com:443 "GET /v1/me/ HTTP/1.1" 200 None
2020/04/26 16:33:07 - DEBUG - https://api.spotify.com:443 "GET /v1/me/ HTTP/1.1" 200 None
2020/04/26 16:33:07 - DEBUG - https://api.spotify.com:443 "GET /v1/me/ HTTP/1.1" 429 None
2020/04/26 16:33:09 - DEBUG - https://api.spotify.com:443 "GET /v1/me/ HTTP/1.1" 200 None
2020/04/26 16:33:09 - DEBUG - https://api.spotify.com:443 "GET /v1/me/ HTTP/1.1" 200 None
2020/04/26 16:33:09 - DEBUG - https://api.spotify.com:443 "GET /v1/me/ HTTP/1.1" 200 None
2020/04/26 16:33:09 - DEBUG - https://api.spotify.com:443 "GET /v1/me/ HTTP/1.1" 200 None
2020/04/26 16:33:09 - DEBUG - https://api.spotify.com:443 "GET /v1/me/ HTTP/1.1" 200 None
2020/04/26 16:33:09 - DEBUG - https://api.spotify.com:443 "GET /v1/me/ HTTP/1.1" 200 None
2020/04/26 16:33:09 - DEBUG - https://api.spotify.com:443 "GET /v1/me/ HTTP/1.1" 200 None
2020/04/26 16:33:09 - DEBUG - https://api.spotify.com:443 "GET /v1/me/ HTTP/1.1" 200 None
2020/04/26 16:33:09 - DEBUG - https://api.spotify.com:443 "GET /v1/me/ HTTP/1.1" 200 None
2020/04/26 16:33:09 - DEBUG - https://api.spotify.com:443 "GET /v1/me/ HTTP/1.1" 200 None
2020/04/26 16:33:09 - DEBUG - https://api.spotify.com:443 "GET /v1/me/ HTTP/1.1" 200 None
2020/04/26 16:33:09 - DEBUG - https://api.spotify.com:443 "GET /v1/me/ HTTP/1.1" 200 None
2020/04/26 16:33:09 - DEBUG - https://api.spotify.com:443 "GET /v1/me/ HTTP/1.1" 200 None
2020/04/26 16:33:09 - DEBUG - https://api.spotify.com:443 "GET /v1/me/ HTTP/1.1" 200 None
2020/04/26 16:33:09 - DEBUG - https://api.spotify.com:443 "GET /v1/me/ HTTP/1.1" 200 None
2020/04/26 16:33:09 - DEBUG - https://api.spotify.com:443 "GET /v1/me/ HTTP/1.1" 200 None
2020/04/26 16:33:09 - DEBUG - https://api.spotify.com:443 "GET /v1/me/ HTTP/1.1" 200 None
2020/04/26 16:33:09 - DEBUG - https://api.spotify.com:443 "GET /v1/me/ HTTP/1.1" 200 None
2020/04/26 16:33:09 - DEBUG - https://api.spotify.com:443 "GET /v1/me/ HTTP/1.1" 200 None
2020/04/26 16:33:09 - DEBUG - Starting new HTTPS connection (1): api.spotify.com
2020/04/26 16:33:10 - DEBUG - https://api.spotify.com:443 "GET /v1/me/ HTTP/1.1" 200 None
2020/04/26 16:33:10 - DEBUG - https://api.spotify.com:443 "GET /v1/playlists/4DDmN9vXW5T4bnqVLQrTwg/tracks?limit=100&offset=0 HTTP/1.1" 200 None
2020/04/26 16:33:10 - DEBUG - Starting new HTTPS connection (1): api.spotify.com
2020/04/26 16:33:10 - DEBUG - https://api.spotify.com:443 "GET /v1/me/playlists?limit=50&offset=0 HTTP/1.1" 200 None
2020/04/26 16:33:10 - INFO - 127.0.0.1 - - [26/Apr/2020 16:33:10] "[37mGET /testing221654 HTTP/1.1[0m" 200 -
2020/04/26 16:33:10 - INFO - 127.0.0.1 - - [26/Apr/2020 16:33:10] "[33mGET /resources/demos/style.css HTTP/1.1[0m" 404 -
2020/04/26 16:33:10 - INFO - 127.0.0.1 - - [26/Apr/2020 16:33:10] "[33mGET /resources/demos/style.css HTTP/1.1[0m" 404 -
2020/04/26 16:33:10 - DEBUG - Starting new HTTPS connection (1): api.spotify.com
2020/04/26 16:33:10 - DEBUG - https://api.spotify.com:443 "GET /v1/me/playlists?limit=50&offset=0 HTTP/1.1" 200 None
2020/04/26 16:33:10 - DEBUG - https://api.spotify.com:443 "GET /v1/me/ HTTP/1.1" 200 None
2020/04/26 16:33:11 - DEBUG - https://api.spotify.com:443 "GET /v1/me/ HTTP/1.1" 200 None
2020/04/26 16:33:11 - DEBUG - https://api.spotify.com:443 "GET /v1/me/ HTTP/1.1" 200 None
2020/04/26 16:33:11 - DEBUG - https://api.spotify.com:443 "GET /v1/me/ HTTP/1.1" 200 None
2020/04/26 16:33:11 - DEBUG - https://api.spotify.com:443 "GET /v1/me/ HTTP/1.1" 200 None
2020/04/26 16:33:11 - DEBUG - https://api.spotify.com:443 "GET /v1/me/ HTTP/1.1" 200 None
2020/04/26 16:33:11 - DEBUG - https://api.spotify.com:443 "GET /v1/me/ HTTP/1.1" 200 None
2020/04/26 16:33:11 - DEBUG - https://api.spotify.com:443 "GET /v1/me/ HTTP/1.1" 200 None
2020/04/26 16:33:11 - DEBUG - https://api.spotify.com:443 "GET /v1/me/ HTTP/1.1" 200 None
2020/04/26 16:33:11 - DEBUG - https://api.spotify.com:443 "GET /v1/me/ HTTP/1.1" 200 None
2020/04/26 16:33:11 - DEBUG - https://api.spotify.com:443 "GET /v1/me/ HTTP/1.1" 200 None
2020/04/26 16:33:11 - DEBUG - https://api.spotify.com:443 "GET /v1/me/ HTTP/1.1" 200 None
2020/04/26 16:33:11 - DEBUG - https://api.spotify.com:443 "GET /v1/me/ HTTP/1.1" 200 None
2020/04/26 16:33:11 - DEBUG - https://api.spotify.com:443 "GET /v1/me/ HTTP/1.1" 200 None
2020/04/26 16:33:11 - DEBUG - https://api.spotify.com:443 "GET /v1/me/ HTTP/1.1" 200 None
2020/04/26 16:33:11 - DEBUG - https://api.spotify.com:443 "GET /v1/me/ HTTP/1.1" 200 None
2020/04/26 16:33:11 - DEBUG - https://api.spotify.com:443 "GET /v1/me/ HTTP/1.1" 200 None
2020/04/26 16:33:12 - DEBUG - https://api.spotify.com:443 "GET /v1/me/ HTTP/1.1" 200 None
2020/04/26 16:33:12 - DEBUG - https://api.spotify.com:443 "GET /v1/me/ HTTP/1.1" 200 None
2020/04/26 16:33:12 - DEBUG - https://api.spotify.com:443 "GET /v1/me/ HTTP/1.1" 200 None
2020/04/26 16:33:12 - DEBUG - https://api.spotify.com:443 "GET /v1/me/ HTTP/1.1" 200 None
2020/04/26 16:33:12 - DEBUG - https://api.spotify.com:443 "GET /v1/me/ HTTP/1.1" 200 None
2020/04/26 16:33:12 - DEBUG - https://api.spotify.com:443 "GET /v1/me/ HTTP/1.1" 200 None
2020/04/26 16:33:12 - DEBUG - https://api.spotify.com:443 "GET /v1/me/ HTTP/1.1" 200 None
2020/04/26 16:33:12 - INFO - 127.0.0.1 - - [26/Apr/2020 16:33:12] "[1m[35mGET /favicon.ico HTTP/1.1[0m" 500 -
2020/04/26 16:33:16 - DEBUG - Starting new HTTPS connection (1): api.spotify.com
2020/04/26 16:33:16 - DEBUG - https://api.spotify.com:443 "GET /v1/me/playlists?limit=50&offset=0 HTTP/1.1" 200 None
2020/04/26 16:33:16 - DEBUG - https://api.spotify.com:443 "GET /v1/me/ HTTP/1.1" 200 None
2020/04/26 16:33:16 - DEBUG - https://api.spotify.com:443 "GET /v1/me/ HTTP/1.1" 200 None
2020/04/26 16:33:16 - DEBUG - https://api.spotify.com:443 "GET /v1/me/ HTTP/1.1" 200 None
2020/04/26 16:33:17 - DEBUG - https://api.spotify.com:443 "GET /v1/me/ HTTP/1.1" 200 None
2020/04/26 16:33:17 - DEBUG - https://api.spotify.com:443 "GET /v1/me/ HTTP/1.1" 200 None
2020/04/26 16:33:17 - DEBUG - https://api.spotify.com:443 "GET /v1/me/ HTTP/1.1" 200 None
2020/04/26 16:33:17 - DEBUG - https://api.spotify.com:443 "GET /v1/me/ HTTP/1.1" 200 None
2020/04/26 16:33:17 - DEBUG - https://api.spotify.com:443 "GET /v1/me/ HTTP/1.1" 200 None
2020/04/26 16:33:17 - DEBUG - https://api.spotify.com:443 "GET /v1/me/ HTTP/1.1" 200 None
2020/04/26 16:33:17 - DEBUG - https://api.spotify.com:443 "GET /v1/me/ HTTP/1.1" 200 None
2020/04/26 16:33:17 - DEBUG - https://api.spotify.com:443 "GET /v1/me/ HTTP/1.1" 200 None
2020/04/26 16:33:17 - DEBUG - https://api.spotify.com:443 "GET /v1/me/ HTTP/1.1" 200 None
2020/04/26 16:33:17 - DEBUG - https://api.spotify.com:443 "GET /v1/me/ HTTP/1.1" 200 None
2020/04/26 16:33:17 - DEBUG - https://api.spotify.com:443 "GET /v1/me/ HTTP/1.1" 200 None
2020/04/26 16:33:17 - DEBUG - https://api.spotify.com:443 "GET /v1/me/ HTTP/1.1" 200 None
2020/04/26 16:33:17 - DEBUG - https://api.spotify.com:443 "GET /v1/me/ HTTP/1.1" 200 None
2020/04/26 16:33:17 - DEBUG - https://api.spotify.com:443 "GET /v1/me/ HTTP/1.1" 200 None
2020/04/26 16:33:17 - DEBUG - https://api.spotify.com:443 "GET /v1/me/ HTTP/1.1" 200 None
2020/04/26 16:33:17 - DEBUG - https://api.spotify.com:443 "GET /v1/me/ HTTP/1.1" 200 None
2020/04/26 16:33:17 - DEBUG - https://api.spotify.com:443 "GET /v1/me/ HTTP/1.1" 200 None
2020/04/26 16:33:17 - DEBUG - https://api.spotify.com:443 "GET /v1/me/ HTTP/1.1" 200 None
2020/04/26 16:33:17 - DEBUG - https://api.spotify.com:443 "GET /v1/me/ HTTP/1.1" 200 None
2020/04/26 16:33:17 - DEBUG - https://api.spotify.com:443 "GET /v1/me/ HTTP/1.1" 200 None
2020/04/26 16:33:18 - DEBUG - https://api.spotify.com:443 "GET /v1/me/ HTTP/1.1" 200 None
2020/04/26 16:33:18 - INFO - 127.0.0.1 - - [26/Apr/2020 16:33:18] "[37mGET /recommend HTTP/1.1[0m" 200 -
2020/04/26 16:33:18 - INFO - 127.0.0.1 - - [26/Apr/2020 16:33:18] "[33mGET /resources/demos/style.css HTTP/1.1[0m" 404 -
2020/04/26 16:33:18 - DEBUG - Starting new HTTPS connection (1): api.spotify.com
2020/04/26 16:33:18 - DEBUG - https://api.spotify.com:443 "GET /v1/me/playlists?limit=50&offset=0 HTTP/1.1" 200 None
2020/04/26 16:33:18 - DEBUG - https://api.spotify.com:443 "GET /v1/me/ HTTP/1.1" 200 None
2020/04/26 16:33:18 - DEBUG - https://api.spotify.com:443 "GET /v1/me/ HTTP/1.1" 200 None
2020/04/26 16:33:18 - DEBUG - https://api.spotify.com:443 "GET /v1/me/ HTTP/1.1" 200 None
2020/04/26 16:33:18 - DEBUG - https://api.spotify.com:443 "GET /v1/me/ HTTP/1.1" 200 None
2020/04/26 16:33:18 - DEBUG - https://api.spotify.com:443 "GET /v1/me/ HTTP/1.1" 200 None
2020/04/26 16:33:18 - DEBUG - https://api.spotify.com:443 "GET /v1/me/ HTTP/1.1" 200 None
2020/04/26 16:33:18 - DEBUG - https://api.spotify.com:443 "GET /v1/me/ HTTP/1.1" 200 None
2020/04/26 16:33:18 - DEBUG - https://api.spotify.com:443 "GET /v1/me/ HTTP/1.1" 200 None
2020/04/26 16:33:18 - DEBUG - https://api.spotify.com:443 "GET /v1/me/ HTTP/1.1" 200 None
2020/04/26 16:33:18 - DEBUG - https://api.spotify.com:443 "GET /v1/me/ HTTP/1.1" 200 None
2020/04/26 16:33:18 - DEBUG - https://api.spotify.com:443 "GET /v1/me/ HTTP/1.1" 200 None
2020/04/26 16:33:18 - DEBUG - https://api.spotify.com:443 "GET /v1/me/ HTTP/1.1" 200 None
2020/04/26 16:33:18 - DEBUG - https://api.spotify.com:443 "GET /v1/me/ HTTP/1.1" 200 None
2020/04/26 16:33:18 - DEBUG - https://api.spotify.com:443 "GET /v1/me/ HTTP/1.1" 200 None
2020/04/26 16:33:18 - DEBUG - https://api.spotify.com:443 "GET /v1/me/ HTTP/1.1" 200 None
2020/04/26 16:33:19 - DEBUG - https://api.spotify.com:443 "GET /v1/me/ HTTP/1.1" 200 None
2020/04/26 16:33:19 - DEBUG - https://api.spotify.com:443 "GET /v1/me/ HTTP/1.1" 200 None
2020/04/26 16:33:19 - DEBUG - https://api.spotify.com:443 "GET /v1/me/ HTTP/1.1" 200 None
2020/04/26 16:33:19 - DEBUG - https://api.spotify.com:443 "GET /v1/me/ HTTP/1.1" 200 None
2020/04/26 16:33:19 - DEBUG - https://api.spotify.com:443 "GET /v1/me/ HTTP/1.1" 200 None
2020/04/26 16:33:19 - DEBUG - https://api.spotify.com:443 "GET /v1/me/ HTTP/1.1" 200 None
2020/04/26 16:33:19 - DEBUG - https://api.spotify.com:443 "GET /v1/me/ HTTP/1.1" 200 None
2020/04/26 16:33:19 - DEBUG - https://api.spotify.com:443 "GET /v1/me/ HTTP/1.1" 200 None
2020/04/26 16:33:19 - DEBUG - https://api.spotify.com:443 "GET /v1/me/ HTTP/1.1" 200 None
2020/04/26 16:33:19 - INFO - 127.0.0.1 - - [26/Apr/2020 16:33:19] "[1m[35mGET /favicon.ico HTTP/1.1[0m" 500 -
2020/04/26 16:33:21 - INFO - 127.0.0.1 - - [26/Apr/2020 16:33:21] "[37mGET /filtertesting221654 HTTP/1.1[0m" 200 -
2020/04/26 16:33:21 - INFO - 127.0.0.1 - - [26/Apr/2020 16:33:21] "[33mGET /resources/demos/style.css HTTP/1.1[0m" 404 -
2020/04/26 16:33:21 - DEBUG - Starting new HTTPS connection (1): api.spotify.com
2020/04/26 16:33:21 - DEBUG - https://api.spotify.com:443 "GET /v1/me/playlists?limit=50&offset=0 HTTP/1.1" 200 None
2020/04/26 16:33:21 - DEBUG - https://api.spotify.com:443 "GET /v1/me/ HTTP/1.1" 200 None
2020/04/26 16:33:21 - DEBUG - https://api.spotify.com:443 "GET /v1/me/ HTTP/1.1" 200 None
2020/04/26 16:33:21 - DEBUG - https://api.spotify.com:443 "GET /v1/me/ HTTP/1.1" 200 None
2020/04/26 16:33:21 - DEBUG - https://api.spotify.com:443 "GET /v1/me/ HTTP/1.1" 200 None
2020/04/26 16:33:21 - DEBUG - https://api.spotify.com:443 "GET /v1/me/ HTTP/1.1" 200 None
2020/04/26 16:33:21 - DEBUG - https://api.spotify.com:443 "GET /v1/me/ HTTP/1.1" 200 None
2020/04/26 16:33:21 - DEBUG - https://api.spotify.com:443 "GET /v1/me/ HTTP/1.1" 200 None
2020/04/26 16:33:21 - DEBUG - https://api.spotify.com:443 "GET /v1/me/ HTTP/1.1" 200 None
2020/04/26 16:33:21 - DEBUG - https://api.spotify.com:443 "GET /v1/me/ HTTP/1.1" 200 None
2020/04/26 16:33:21 - DEBUG - https://api.spotify.com:443 "GET /v1/me/ HTTP/1.1" 200 None
2020/04/26 16:33:21 - DEBUG - https://api.spotify.com:443 "GET /v1/me/ HTTP/1.1" 200 None
2020/04/26 16:33:21 - DEBUG - https://api.spotify.com:443 "GET /v1/me/ HTTP/1.1" 200 None
2020/04/26 16:33:22 - DEBUG - https://api.spotify.com:443 "GET /v1/me/ HTTP/1.1" 200 None
2020/04/26 16:33:22 - DEBUG - https://api.spotify.com:443 "GET /v1/me/ HTTP/1.1" 200 None
2020/04/26 16:33:22 - DEBUG - https://api.spotify.com:443 "GET /v1/me/ HTTP/1.1" 200 None
2020/04/26 16:33:22 - DEBUG - https://api.spotify.com:443 "GET /v1/me/ HTTP/1.1" 200 None
2020/04/26 16:33:22 - DEBUG - https://api.spotify.com:443 "GET /v1/me/ HTTP/1.1" 200 None
2020/04/26 16:33:22 - DEBUG - https://api.spotify.com:443 "GET /v1/me/ HTTP/1.1" 200 None
2020/04/26 16:33:22 - DEBUG - https://api.spotify.com:443 "GET /v1/me/ HTTP/1.1" 200 None
2020/04/26 16:33:22 - DEBUG - https://api.spotify.com:443 "GET /v1/me/ HTTP/1.1" 200 None
2020/04/26 16:33:22 - DEBUG - https://api.spotify.com:443 "GET /v1/me/ HTTP/1.1" 200 None
2020/04/26 16:33:22 - DEBUG - https://api.spotify.com:443 "GET /v1/me/ HTTP/1.1" 200 None
2020/04/26 16:33:22 - DEBUG - https://api.spotify.com:443 "GET /v1/me/ HTTP/1.1" 200 None
2020/04/26 16:33:22 - DEBUG - https://api.spotify.com:443 "GET /v1/me/ HTTP/1.1" 200 None
2020/04/26 16:33:22 - INFO - 127.0.0.1 - - [26/Apr/2020 16:33:22] "[1m[35mGET /favicon.ico HTTP/1.1[0m" 500 -
2020/04/26 16:33:28 - DEBUG - Starting new HTTPS connection (1): api.spotify.com
2020/04/26 16:33:28 - DEBUG - https://api.spotify.com:443 "GET /v1/me/playlists?limit=50&offset=0 HTTP/1.1" 200 None
2020/04/26 16:33:28 - DEBUG - https://api.spotify.com:443 "GET /v1/me/ HTTP/1.1" 200 None
2020/04/26 16:33:29 - DEBUG - https://api.spotify.com:443 "GET /v1/me/ HTTP/1.1" 200 None
2020/04/26 16:33:29 - DEBUG - https://api.spotify.com:443 "GET /v1/me/ HTTP/1.1" 200 None
2020/04/26 16:33:29 - DEBUG - https://api.spotify.com:443 "GET /v1/me/ HTTP/1.1" 200 None
2020/04/26 16:33:29 - DEBUG - https://api.spotify.com:443 "GET /v1/me/ HTTP/1.1" 200 None
2020/04/26 16:33:29 - DEBUG - https://api.spotify.com:443 "GET /v1/me/ HTTP/1.1" 200 None
2020/04/26 16:33:29 - DEBUG - https://api.spotify.com:443 "GET /v1/me/ HTTP/1.1" 200 None
2020/04/26 16:33:29 - DEBUG - https://api.spotify.com:443 "GET /v1/me/ HTTP/1.1" 200 None
2020/04/26 16:33:29 - DEBUG - https://api.spotify.com:443 "GET /v1/me/ HTTP/1.1" 200 None
2020/04/26 16:33:29 - DEBUG - https://api.spotify.com:443 "GET /v1/me/ HTTP/1.1" 200 None
2020/04/26 16:33:29 - DEBUG - https://api.spotify.com:443 "GET /v1/me/ HTTP/1.1" 200 None
2020/04/26 16:33:29 - DEBUG - https://api.spotify.com:443 "GET /v1/me/ HTTP/1.1" 200 None
2020/04/26 16:33:29 - DEBUG - https://api.spotify.com:443 "GET /v1/me/ HTTP/1.1" 200 None
2020/04/26 16:33:29 - DEBUG - https://api.spotify.com:443 "GET /v1/me/ HTTP/1.1" 200 None
2020/04/26 16:33:29 - DEBUG - https://api.spotify.com:443 "GET /v1/me/ HTTP/1.1" 200 None
2020/04/26 16:33:29 - DEBUG - https://api.spotify.com:443 "GET /v1/me/ HTTP/1.1" 200 None
2020/04/26 16:33:29 - DEBUG - https://api.spotify.com:443 "GET /v1/me/ HTTP/1.1" 200 None
2020/04/26 16:33:29 - DEBUG - https://api.spotify.com:443 "GET /v1/me/ HTTP/1.1" 200 None
2020/04/26 16:33:29 - DEBUG - https://api.spotify.com:443 "GET /v1/me/ HTTP/1.1" 200 None
2020/04/26 16:33:29 - DEBUG - https://api.spotify.com:443 "GET /v1/me/ HTTP/1.1" 200 None
2020/04/26 16:33:29 - DEBUG - https://api.spotify.com:443 "GET /v1/me/ HTTP/1.1" 200 None
2020/04/26 16:33:29 - DEBUG - https://api.spotify.com:443 "GET /v1/me/ HTTP/1.1" 200 None
2020/04/26 16:33:29 - DEBUG - https://api.spotify.com:443 "GET /v1/me/ HTTP/1.1" 200 None
2020/04/26 16:33:29 - DEBUG - https://api.spotify.com:443 "GET /v1/me/ HTTP/1.1" 200 None
2020/04/26 16:33:29 - DEBUG - Starting new HTTPS connection (1): api.spotify.com
2020/04/26 16:33:30 - DEBUG - https://api.spotify.com:443 "GET /v1/me/ HTTP/1.1" 200 None
2020/04/26 16:33:30 - DEBUG - https://api.spotify.com:443 "GET /v1/playlists/4DDmN9vXW5T4bnqVLQrTwg/tracks?limit=100&offset=0 HTTP/1.1" 200 None
2020/04/26 16:33:30 - DEBUG - Starting new HTTPS connection (1): api.spotify.com
2020/04/26 16:33:30 - DEBUG - https://api.spotify.com:443 "GET /v1/audio-features/?ids=07j30aEL5IkZT64k7tLQg2,5qAbwj3B6H7ztbEcO9bN9T,4mVuSS9uHM54WmaMR0duKX,1Gq66jNOLmAyUVqFfsAEmH,5HYwRSalrvZC7ZTT8BuDR7,5OK1oqGteiXX9yTu19Jq6D,5ROEgRkFQ0JihbUsfNsIWf,5HbTUbKSPeNh75aKSW66OF,4vl2zwXsTmAxgu9iY0g6UK,69kOkLUCkxIZYexIgSG8rq,2kWowW0k4oFymhkr7LmvzO,4h8VwCb1MTGoLKueQ1WgbD,3CnBbnrlC1QCJXEHpww7eu,4AqH4V7PEC5BTK29FVmXQd,393MDhe62s8hbH8ETrlxe5,0JITWDB1tVUH2VUXmVtYpL,3KMVFjYaGjQq4RzCd2C9pE,6YwLgicpvVuMt1eE2OldwQ,5GorCbAP4aL0EJ16frG2hd,5MMLS3xm12D7N26xlfFApr,4C3SX21fW6CFhGqfDRJdDG,5HoiZ12WqCuXCFYYKldR0B,3Y9smXGzIcoMzg5UhItDqh,5u9GhIkVEUe6ATuvzxZC3e,14MktKX5dnMgW8g57V9jsi,0DrVnGIRPrA2oEYmClbFgZ,6p4VqdtwtJoXjupc3QFV2y,1kMuU3TNQvHbqvXCWBodmP,6sG9z8Sy3qVrzd17grwnwq,6nsLzJfvp5OLd4mgqUJkpq,37jalmkAdkohJQj98FGU7r,3myI1o0izYfh2z9JTQzCfJ,20I8RduZC2PWMWTDCZuuAN,4SDgTLDYrJ2UrHbkRkg7MD,0o6ZSXfDiz3UsCcFhf3sw7,3Q3myFA7q4Op95DOpHplaY,0xOyiWM0l1Hacs6vNRGaEu,66ueTnPy1qW9qmNmxCRNM6,2LskIZrCeLxRvCiGP8gxlh,7m9OqQk4RVRkw9JJdeAw96,7kMAwRqUoTOahYBBH6UdYj,2N3U8uTYhjX2KwGT0pf5x0,3ZOEytgrvLwQaqXreDs2Jx,1dLiAhDTwWtIhp64fPwUKo,5YbrqNUUleF39Ai3b3ruQy,5giMVAPeTo9WsBdrR3FKyi,6rzVBHfKNDogRICqjzgGsE,2hwOoMtWPtTSSn6WHV7Vp5,7pBsquIkbED6W6uSQJGbkn,2ZOTtG7v1OrSNs6EINIGb4 HTTP/1.1" 200 None
2020/04/26 16:33:30 - DEBUG - Starting new HTTPS connection (1): api.spotify.com
2020/04/26 16:33:30 - DEBUG - https://api.spotify.com:443 "GET /v1/me/ HTTP/1.1" 200 None
2020/04/26 16:33:30 - DEBUG - https://api.spotify.com:443 "POST /v1/users/demonater89/playlists HTTP/1.1" 201 None
2020/04/26 16:33:30 - DEBUG - Starting new HTTPS connection (1): api.spotify.com
2020/04/26 16:33:30 - DEBUG - https://api.spotify.com:443 "GET /v1/me/playlists?limit=50&offset=0 HTTP/1.1" 200 None
2020/04/26 16:33:30 - DEBUG - https://api.spotify.com:443 "GET /v1/me/ HTTP/1.1" 200 None
2020/04/26 16:33:31 - DEBUG - https://api.spotify.com:443 "GET /v1/me/ HTTP/1.1" 200 None
2020/04/26 16:33:31 - DEBUG - https://api.spotify.com:443 "GET /v1/me/ HTTP/1.1" 200 None
2020/04/26 16:33:31 - DEBUG - https://api.spotify.com:443 "GET /v1/me/ HTTP/1.1" 200 None
2020/04/26 16:33:31 - DEBUG - https://api.spotify.com:443 "GET /v1/me/ HTTP/1.1" 200 None
2020/04/26 16:33:31 - DEBUG - https://api.spotify.com:443 "GET /v1/me/ HTTP/1.1" 200 None
2020/04/26 16:33:31 - DEBUG - https://api.spotify.com:443 "GET /v1/me/ HTTP/1.1" 200 None
2020/04/26 16:33:31 - DEBUG - https://api.spotify.com:443 "GET /v1/me/ HTTP/1.1" 200 None
2020/04/26 16:33:31 - DEBUG - https://api.spotify.com:443 "GET /v1/me/ HTTP/1.1" 200 None
2020/04/26 16:33:31 - DEBUG - https://api.spotify.com:443 "GET /v1/me/ HTTP/1.1" 200 None
2020/04/26 16:33:31 - DEBUG - https://api.spotify.com:443 "GET /v1/me/ HTTP/1.1" 200 None
2020/04/26 16:33:31 - DEBUG - https://api.spotify.com:443 "GET /v1/me/ HTTP/1.1" 200 None
2020/04/26 16:33:31 - DEBUG - https://api.spotify.com:443 "GET /v1/me/ HTTP/1.1" 200 None
2020/04/26 16:33:31 - DEBUG - https://api.spotify.com:443 "GET /v1/me/ HTTP/1.1" 200 None
2020/04/26 16:33:31 - DEBUG - https://api.spotify.com:443 "GET /v1/me/ HTTP/1.1" 200 None
2020/04/26 16:33:31 - DEBUG - https://api.spotify.com:443 "GET /v1/me/ HTTP/1.1" 200 None
2020/04/26 16:33:31 - DEBUG - https://api.spotify.com:443 "GET /v1/me/ HTTP/1.1" 200 None
2020/04/26 16:33:31 - DEBUG - https://api.spotify.com:443 "GET /v1/me/ HTTP/1.1" 200 None
2020/04/26 16:33:31 - DEBUG - https://api.spotify.com:443 "GET /v1/me/ HTTP/1.1" 200 None
2020/04/26 16:33:31 - DEBUG - https://api.spotify.com:443 "GET /v1/me/ HTTP/1.1" 200 None
2020/04/26 16:33:31 - DEBUG - https://api.spotify.com:443 "GET /v1/me/ HTTP/1.1" 200 None
2020/04/26 16:33:32 - DEBUG - https://api.spotify.com:443 "GET /v1/me/ HTTP/1.1" 200 None
2020/04/26 16:33:32 - DEBUG - https://api.spotify.com:443 "GET /v1/me/ HTTP/1.1" 200 None
2020/04/26 16:33:32 - DEBUG - https://api.spotify.com:443 "GET /v1/me/ HTTP/1.1" 200 None
2020/04/26 16:33:32 - DEBUG - https://api.spotify.com:443 "GET /v1/me/ HTTP/1.1" 200 None
2020/04/26 16:33:32 - DEBUG - https://api.spotify.com:443 "GET /v1/me/ HTTP/1.1" 200 None
2020/04/26 16:33:32 - DEBUG - https://api.spotify.com:443 "POST /v1/users/demonater89/playlists/51ORsNTHg8zauhWSemmsu2/tracks HTTP/1.1" 201 None
2020/04/26 16:33:32 - DEBUG - Starting new HTTPS connection (1): api.spotify.com
2020/04/26 16:33:32 - DEBUG - https://api.spotify.com:443 "GET /v1/me/playlists?limit=50&offset=0 HTTP/1.1" 200 None
2020/04/26 16:33:32 - DEBUG - https://api.spotify.com:443 "GET /v1/me/ HTTP/1.1" 200 None
2020/04/26 16:33:32 - DEBUG - https://api.spotify.com:443 "GET /v1/me/ HTTP/1.1" 200 None
2020/04/26 16:33:32 - DEBUG - https://api.spotify.com:443 "GET /v1/me/ HTTP/1.1" 200 None
2020/04/26 16:33:32 - DEBUG - https://api.spotify.com:443 "GET /v1/me/ HTTP/1.1" 200 None
2020/04/26 16:33:32 - DEBUG - https://api.spotify.com:443 "GET /v1/me/ HTTP/1.1" 200 None
2020/04/26 16:33:32 - DEBUG - https://api.spotify.com:443 "GET /v1/me/ HTTP/1.1" 200 None
2020/04/26 16:33:32 - DEBUG - https://api.spotify.com:443 "GET /v1/me/ HTTP/1.1" 200 None
2020/04/26 16:33:32 - DEBUG - https://api.spotify.com:443 "GET /v1/me/ HTTP/1.1" 200 None
2020/04/26 16:33:32 - DEBUG - https://api.spotify.com:443 "GET /v1/me/ HTTP/1.1" 200 None
2020/04/26 16:33:32 - DEBUG - https://api.spotify.com:443 "GET /v1/me/ HTTP/1.1" 200 None
2020/04/26 16:33:32 - DEBUG - https://api.spotify.com:443 "GET /v1/me/ HTTP/1.1" 200 None
2020/04/26 16:33:32 - DEBUG - https://api.spotify.com:443 "GET /v1/me/ HTTP/1.1" 200 None
2020/04/26 16:33:33 - DEBUG - https://api.spotify.com:443 "GET /v1/me/ HTTP/1.1" 200 None
2020/04/26 16:33:33 - DEBUG - https://api.spotify.com:443 "GET /v1/me/ HTTP/1.1" 200 None
2020/04/26 16:33:33 - DEBUG - https://api.spotify.com:443 "GET /v1/me/ HTTP/1.1" 200 None
2020/04/26 16:33:33 - DEBUG - https://api.spotify.com:443 "GET /v1/me/ HTTP/1.1" 200 None
2020/04/26 16:33:33 - DEBUG - https://api.spotify.com:443 "GET /v1/me/ HTTP/1.1" 200 None
2020/04/26 16:33:33 - DEBUG - https://api.spotify.com:443 "GET /v1/me/ HTTP/1.1" 200 None
2020/04/26 16:33:33 - DEBUG - https://api.spotify.com:443 "GET /v1/me/ HTTP/1.1" 200 None
2020/04/26 16:33:33 - DEBUG - https://api.spotify.com:443 "GET /v1/me/ HTTP/1.1" 200 None
2020/04/26 16:33:33 - DEBUG - https://api.spotify.com:443 "GET /v1/me/ HTTP/1.1" 200 None
2020/04/26 16:33:33 - DEBUG - https://api.spotify.com:443 "GET /v1/me/ HTTP/1.1" 200 None
2020/04/26 16:33:33 - DEBUG - https://api.spotify.com:443 "GET /v1/me/ HTTP/1.1" 200 None
2020/04/26 16:33:33 - DEBUG - https://api.spotify.com:443 "GET /v1/me/ HTTP/1.1" 200 None
2020/04/26 16:33:33 - DEBUG - https://api.spotify.com:443 "GET /v1/me/ HTTP/1.1" 200 None
2020/04/26 16:33:33 - DEBUG - Starting new HTTPS connection (1): api.spotify.com
2020/04/26 16:33:33 - DEBUG - https://api.spotify.com:443 "GET /v1/me/ HTTP/1.1" 200 None
2020/04/26 16:33:33 - DEBUG - https://api.spotify.com:443 "GET /v1/playlists/51ORsNTHg8zauhWSemmsu2/tracks?limit=100&offset=0 HTTP/1.1" 200 None
2020/04/26 16:33:33 - DEBUG - Starting new HTTPS connection (1): api.spotify.com
2020/04/26 16:33:33 - DEBUG - https://api.spotify.com:443 "GET /v1/me/playlists?limit=50&offset=0 HTTP/1.1" 200 None
2020/04/26 16:33:34 - DEBUG - https://api.spotify.com:443 "GET /v1/me/ HTTP/1.1" 200 None
2020/04/26 16:33:34 - DEBUG - https://api.spotify.com:443 "GET /v1/me/ HTTP/1.1" 200 None
2020/04/26 16:33:34 - DEBUG - https://api.spotify.com:443 "GET /v1/me/ HTTP/1.1" 200 None
2020/04/26 16:33:34 - DEBUG - https://api.spotify.com:443 "GET /v1/me/ HTTP/1.1" 200 None
2020/04/26 16:33:34 - DEBUG - https://api.spotify.com:443 "GET /v1/me/ HTTP/1.1" 200 None
2020/04/26 16:33:34 - DEBUG - https://api.spotify.com:443 "GET /v1/me/ HTTP/1.1" 200 None
2020/04/26 16:33:34 - DEBUG - https://api.spotify.com:443 "GET /v1/me/ HTTP/1.1" 200 None
2020/04/26 16:33:34 - DEBUG - https://api.spotify.com:443 "GET /v1/me/ HTTP/1.1" 200 None
2020/04/26 16:33:34 - DEBUG - https://api.spotify.com:443 "GET /v1/me/ HTTP/1.1" 200 None
2020/04/26 16:33:34 - DEBUG - https://api.spotify.com:443 "GET /v1/me/ HTTP/1.1" 200 None
2020/04/26 16:33:34 - DEBUG - https://api.spotify.com:443 "GET /v1/me/ HTTP/1.1" 200 None
2020/04/26 16:33:34 - DEBUG - https://api.spotify.com:443 "GET /v1/me/ HTTP/1.1" 200 None
2020/04/26 16:33:34 - DEBUG - https://api.spotify.com:443 "GET /v1/me/ HTTP/1.1" 200 None
2020/04/26 16:33:34 - DEBUG - https://api.spotify.com:443 "GET /v1/me/ HTTP/1.1" 200 None
2020/04/26 16:33:34 - DEBUG - https://api.spotify.com:443 "GET /v1/me/ HTTP/1.1" 200 None
2020/04/26 16:33:34 - DEBUG - https://api.spotify.com:443 "GET /v1/me/ HTTP/1.1" 200 None
2020/04/26 16:33:34 - DEBUG - https://api.spotify.com:443 "GET /v1/me/ HTTP/1.1" 429 None
2020/04/26 16:33:38 - DEBUG - https://api.spotify.com:443 "GET /v1/me/ HTTP/1.1" 200 None
2020/04/26 16:33:39 - DEBUG - https://api.spotify.com:443 "GET /v1/me/ HTTP/1.1" 200 None
2020/04/26 16:33:39 - DEBUG - https://api.spotify.com:443 "GET /v1/me/ HTTP/1.1" 200 None
2020/04/26 16:33:39 - DEBUG - https://api.spotify.com:443 "GET /v1/me/ HTTP/1.1" 200 None
2020/04/26 16:33:39 - DEBUG - https://api.spotify.com:443 "GET /v1/me/ HTTP/1.1" 200 None
2020/04/26 16:33:39 - DEBUG - https://api.spotify.com:443 "GET /v1/me/ HTTP/1.1" 200 None
2020/04/26 16:33:39 - DEBUG - https://api.spotify.com:443 "GET /v1/me/ HTTP/1.1" 200 None
2020/04/26 16:33:39 - DEBUG - https://api.spotify.com:443 "GET /v1/me/ HTTP/1.1" 200 None
2020/04/26 16:33:39 - DEBUG - https://api.spotify.com:443 "GET /v1/me/ HTTP/1.1" 200 None
2020/04/26 16:33:39 - DEBUG - Starting new HTTPS connection (1): api.spotify.com
2020/04/26 16:33:39 - DEBUG - https://api.spotify.com:443 "GET /v1/me/ HTTP/1.1" 200 None
2020/04/26 16:33:40 - DEBUG - https://api.spotify.com:443 "GET /v1/playlists/51ORsNTHg8zauhWSemmsu2/tracks?limit=100&offset=0 HTTP/1.1" 200 None
2020/04/26 16:33:40 - DEBUG - Starting new HTTPS connection (1): api.spotify.com
2020/04/26 16:33:40 - DEBUG - https://api.spotify.com:443 "GET /v1/me/playlists?limit=50&offset=0 HTTP/1.1" 200 None
2020/04/26 16:33:40 - INFO - 127.0.0.1 - - [26/Apr/2020 16:33:40] "[37mPOST /newPlayListtesting221654 HTTP/1.1[0m" 200 -
2020/04/26 16:33:40 - INFO - 127.0.0.1 - - [26/Apr/2020 16:33:40] "[33mGET /resources/demos/style.css HTTP/1.1[0m" 404 -
2020/04/26 16:33:40 - INFO - 127.0.0.1 - - [26/Apr/2020 16:33:40] "[33mGET /resources/demos/style.css HTTP/1.1[0m" 404 -
2020/04/26 16:33:40 - DEBUG - Starting new HTTPS connection (1): api.spotify.com
2020/04/26 16:33:40 - DEBUG - https://api.spotify.com:443 "GET /v1/me/playlists?limit=50&offset=0 HTTP/1.1" 200 None
2020/04/26 16:33:40 - DEBUG - https://api.spotify.com:443 "GET /v1/me/ HTTP/1.1" 200 None
2020/04/26 16:33:40 - DEBUG - https://api.spotify.com:443 "GET /v1/me/ HTTP/1.1" 200 None
2020/04/26 16:33:40 - DEBUG - https://api.spotify.com:443 "GET /v1/me/ HTTP/1.1" 200 None
2020/04/26 16:33:40 - DEBUG - https://api.spotify.com:443 "GET /v1/me/ HTTP/1.1" 200 None
2020/04/26 16:33:41 - DEBUG - https://api.spotify.com:443 "GET /v1/me/ HTTP/1.1" 200 None
2020/04/26 16:33:41 - DEBUG - https://api.spotify.com:443 "GET /v1/me/ HTTP/1.1" 200 None
2020/04/26 16:33:41 - DEBUG - https://api.spotify.com:443 "GET /v1/me/ HTTP/1.1" 200 None
2020/04/26 16:33:41 - DEBUG - https://api.spotify.com:443 "GET /v1/me/ HTTP/1.1" 200 None
2020/04/26 16:33:41 - DEBUG - https://api.spotify.com:443 "GET /v1/me/ HTTP/1.1" 200 None
2020/04/26 16:33:41 - DEBUG - https://api.spotify.com:443 "GET /v1/me/ HTTP/1.1" 200 None
2020/04/26 16:33:41 - DEBUG - https://api.spotify.com:443 "GET /v1/me/ HTTP/1.1" 200 None
2020/04/26 16:33:41 - DEBUG - https://api.spotify.com:443 "GET /v1/me/ HTTP/1.1" 200 None
2020/04/26 16:33:41 - DEBUG - https://api.spotify.com:443 "GET /v1/me/ HTTP/1.1" 200 None
2020/04/26 16:33:41 - DEBUG - https://api.spotify.com:443 "GET /v1/me/ HTTP/1.1" 200 None
2020/04/26 16:33:41 - DEBUG - https://api.spotify.com:443 "GET /v1/me/ HTTP/1.1" 200 None
2020/04/26 16:33:41 - DEBUG - https://api.spotify.com:443 "GET /v1/me/ HTTP/1.1" 200 None
2020/04/26 16:33:41 - DEBUG - https://api.spotify.com:443 "GET /v1/me/ HTTP/1.1" 200 None
2020/04/26 16:33:41 - DEBUG - https://api.spotify.com:443 "GET /v1/me/ HTTP/1.1" 200 None
2020/04/26 16:33:41 - DEBUG - https://api.spotify.com:443 "GET /v1/me/ HTTP/1.1" 200 None
2020/04/26 16:33:41 - DEBUG - https://api.spotify.com:443 "GET /v1/me/ HTTP/1.1" 200 None
2020/04/26 16:33:41 - DEBUG - https://api.spotify.com:443 "GET /v1/me/ HTTP/1.1" 200 None
2020/04/26 16:33:41 - DEBUG - https://api.spotify.com:443 "GET /v1/me/ HTTP/1.1" 200 None
2020/04/26 16:33:41 - DEBUG - https://api.spotify.com:443 "GET /v1/me/ HTTP/1.1" 200 None
2020/04/26 16:33:41 - DEBUG - https://api.spotify.com:443 "GET /v1/me/ HTTP/1.1" 200 None
2020/04/26 16:33:42 - DEBUG - https://api.spotify.com:443 "GET /v1/me/ HTTP/1.1" 200 None
2020/04/26 16:33:42 - INFO - 127.0.0.1 - - [26/Apr/2020 16:33:42] "[1m[35mGET /favicon.ico HTTP/1.1[0m" 500 -
